#-----------------------------------------------------------
# Webtalk v2019.1 (64-bit)
# SW Build 2552052 on Fri May 24 14:49:42 MDT 2019
# 
# Start of session at: Mon Jul  1 16:28:22 2019
# Process ID: 9752
# Current directory: C:/james/fpga_projects/rfsoc_controller/rfsoc_controller.sdk/webtalk
# Command line: wbtcv.exe -mode batch -source sdk_webtalk.tcl
# Log file: C:/james/fpga_projects/rfsoc_controller/rfsoc_controller.sdk/webtalk/webtalk.log
# Journal file: C:/james/fpga_projects/rfsoc_controller/rfsoc_controller.sdk/webtalk\webtalk.jou
#-----------------------------------------------------------
source sdk_webtalk.tcl
# webtalk_init -webtalk_dir C:\\james\\fpga_projects\\rfsoc_controller\\rfsoc_controller.sdk\\webtalk
# webtalk_register_client -client project
# webtalk_add_data -client project -key date_generated -value "2019-07-01 16:28:21" -context "software_version_and_target_device"
# webtalk_add_data -client project -key product_version -value "SDK v2019.1" -context "software_version_and_target_device"
# webtalk_add_data -client project -key build_version -value "2019.1" -context "software_version_and_target_device"
# webtalk_add_data -client project -key os_platform -value "amd64" -context "software_version_and_target_device"
# webtalk_add_data -client project -key registration_id -value "211753168_1777545763_0_929" -context "software_version_and_target_device"
# webtalk_add_data -client project -key tool_flow -value "SDK" -context "software_version_and_target_device"
# webtalk_add_data -client project -key beta -value "false" -context "software_version_and_target_device"
# webtalk_add_data -client project -key route_design -value "NA" -context "software_version_and_target_device"
# webtalk_add_data -client project -key target_family -value "NA" -context "software_version_and_target_device"
# webtalk_add_data -client project -key target_device -value "NA" -context "software_version_and_target_device"
# webtalk_add_data -client project -key target_package -value "NA" -context "software_version_and_target_device"
# webtalk_add_data -client project -key target_speed -value "NA" -context "software_version_and_target_device"
# webtalk_add_data -client project -key random_id -value "i1r7275ugj3i6n28ff65i8uu2n" -context "software_version_and_target_device"
# webtalk_add_data -client project -key project_id -value "2019.1_2" -context "software_version_and_target_device"
# webtalk_add_data -client project -key project_iteration -value "2" -context "software_version_and_target_device"
# webtalk_add_data -client project -key os_name -value "Microsoft Windows 8 or later , 64-bit" -context "user_environment"
# webtalk_add_data -client project -key os_release -value "major release  (build 9200)" -context "user_environment"
# webtalk_add_data -client project -key cpu_name -value "Intel(R) Core(TM) i7-8700 CPU @ 3.20GHz" -context "user_environment"
# webtalk_add_data -client project -key cpu_speed -value "3192 MHz" -context "user_environment"
# webtalk_add_data -client project -key total_processors -value "1" -context "user_environment"
# webtalk_add_data -client project -key system_ram -value "8.377 GB" -context "user_environment"
# webtalk_register_client -client sdk
# webtalk_add_data -client sdk -key uid -value "1562016393742" -context "sdk\\\\hardware/1562016393742"
# webtalk_add_data -client sdk -key isZynq -value "false" -context "sdk\\\\hardware/1562016393742"
# webtalk_add_data -client sdk -key isZynqMP -value "false" -context "sdk\\\\hardware/1562016393742"
# webtalk_add_data -client sdk -key Processors -value "1" -context "sdk\\\\hardware/1562016393742"
# webtalk_add_data -client sdk -key VivadoVersion -value "2019.1" -context "sdk\\\\hardware/1562016393742"
# webtalk_add_data -client sdk -key Arch -value "zynquplusRFSOC" -context "sdk\\\\hardware/1562016393742"
# webtalk_add_data -client sdk -key Device -value "xczu29dr" -context "sdk\\\\hardware/1562016393742"
# webtalk_add_data -client sdk -key IsHandoff -value "true" -context "sdk\\\\hardware/1562016393742"
# webtalk_add_data -client sdk -key os -value "NA" -context "sdk\\\\hardware/1562016393742"
# webtalk_add_data -client sdk -key apptemplate -value "NA" -context "sdk\\\\hardware/1562016393742"
# webtalk_add_data -client sdk -key RecordType -value "HWCreation" -context "sdk\\\\hardware/1562016393742"
# webtalk_add_data -client sdk -key uid -value "1562016421157" -context "sdk\\\\bsp/1562016421157"
# webtalk_add_data -client sdk -key hwid -value "1562016393742" -context "sdk\\\\bsp/1562016421157"
# webtalk_add_data -client sdk -key os -value "standalone" -context "sdk\\\\bsp/1562016421157"
# webtalk_add_data -client sdk -key apptemplate -value "hello_world" -context "sdk\\\\bsp/1562016421157"
# webtalk_add_data -client sdk -key RecordType -value "BSPCreation" -context "sdk\\\\bsp/1562016421157"
# webtalk_add_data -client sdk -key uid -value "1562016425132" -context "sdk\\\\application/1562016425132"
# webtalk_add_data -client sdk -key hwid -value "1562016393742" -context "sdk\\\\application/1562016425132"
# webtalk_add_data -client sdk -key bspid -value "1562016421157" -context "sdk\\\\application/1562016425132"
# webtalk_add_data -client sdk -key newbsp -value "true" -context "sdk\\\\application/1562016425132"
# webtalk_add_data -client sdk -key os -value "standalone" -context "sdk\\\\application/1562016425132"
# webtalk_add_data -client sdk -key apptemplate -value "hello_world" -context "sdk\\\\application/1562016425132"
# webtalk_add_data -client sdk -key RecordType -value "APPCreation" -context "sdk\\\\application/1562016425132"
# webtalk_add_data -client sdk -key LangUsed -value "C" -context "sdk\\\\application/1562016425132"
# webtalk_add_data -client sdk -key Procused -value "microblaze" -context "sdk\\\\application/1562016425132"
# webtalk_add_data -client sdk -key projSize -value "400.33984375" -context "sdk\\\\application/1562016425132"
# webtalk_add_data -client sdk -key uid -value "NA" -context "sdk\\\\bsp/1562023701202"
# webtalk_add_data -client sdk -key RecordType -value "ToolUsage" -context "sdk\\\\bsp/1562023701202"
# webtalk_add_data -client sdk -key BootgenCount -value "0" -context "sdk\\\\bsp/1562023701202"
# webtalk_add_data -client sdk -key DebugCount -value "8" -context "sdk\\\\bsp/1562023701202"
# webtalk_add_data -client sdk -key PerfCount -value "0" -context "sdk\\\\bsp/1562023701202"
# webtalk_add_data -client sdk -key FlashCount -value "0" -context "sdk\\\\bsp/1562023701202"
# webtalk_add_data -client sdk -key CrossTriggCount -value "0" -context "sdk\\\\bsp/1562023701202"
# webtalk_add_data -client sdk -key QemuDebugCount -value "0" -context "sdk\\\\bsp/1562023701202"
# webtalk_transmit -clientid 712761905 -regid "211753168_1777545763_0_929" -xml C:\\james\\fpga_projects\\rfsoc_controller\\rfsoc_controller.sdk\\webtalk\\usage_statistics_ext_sdk.xml -html C:\\james\\fpga_projects\\rfsoc_controller\\rfsoc_controller.sdk\\webtalk\\usage_statistics_ext_sdk.html -wdm C:\\james\\fpga_projects\\rfsoc_controller\\rfsoc_controller.sdk\\webtalk\\sdk_webtalk.wdm -intro "<H3>SDK Usage Report</H3><BR>"
INFO: [Common 17-186] 'C:\james\fpga_projects\rfsoc_controller\rfsoc_controller.sdk\webtalk\usage_statistics_ext_sdk.xml' has been successfully sent to Xilinx on Mon Jul  1 16:28:27 2019. For additional details about this file, please refer to the WebTalk help file at C:/Xilinx/SDK/2019.1/doc/webtalk_introduction.html.
# webtalk_terminate
INFO: [Common 17-206] Exiting Webtalk at Mon Jul  1 16:28:27 2019...
