15:18:22 INFO  : Registering command handlers for SDK TCF services
15:18:23 INFO  : Launching XSCT server: xsct.bat -interactive C:\james\fpga_projects\rfsoc_controller\rfsoc_controller.sdk\temp_xsdb_launch_script.tcl
15:18:25 INFO  : XSCT server has started successfully.
15:18:25 INFO  : Successfully done setting XSCT server connection channel  
15:18:27 INFO  : Successfully done setting SDK workspace  
15:18:27 INFO  : Processing command line option -hwspec C:/james/fpga_projects/rfsoc_controller/rfsoc_controller.sdk/top_level_wrapper.hdf.
15:20:33 INFO  : Connected to target on host '127.0.0.1' and port '3121'.
15:20:34 INFO  : 'targets -set -filter {jtag_cable_name =~ "Digilent JTAG-SMT2NC 210308A5F038" && level==0} -index 0' command is executed.
15:20:54 INFO  : FPGA configured successfully with bitstream "C:/james/fpga_projects/rfsoc_controller/rfsoc_controller.sdk/top_level_wrapper_hw_platform_0/download.bit"
15:21:01 INFO  : 'targets -set -filter {jtag_cable_name =~ "Digilent JTAG-SMT2NC 210308A5F038" && level==0} -index 0' command is executed.
15:21:01 INFO  : 'fpga -state' command is executed.
15:21:01 INFO  : Connected to target on host '127.0.0.1' and port '3121'.
15:21:01 INFO  : Jtag cable 'Digilent JTAG-SMT2NC 210308A5F038' is selected.
15:21:01 INFO  : 'jtag frequency' command is executed.
15:21:01 INFO  : 'configparams mdm-detect-bscan-mask 2' command is executed.
15:21:01 INFO  : Context for processor 'microblaze_0' is selected.
15:21:01 INFO  : Processor reset is completed for 'microblaze_0'.
15:21:01 INFO  : Context for processor 'microblaze_0' is selected.
15:21:01 INFO  : The application 'C:/james/fpga_projects/rfsoc_controller/rfsoc_controller.sdk/rfsoc_controller/Debug/rfsoc_controller.elf' is downloaded to processor 'microblaze_0'.
15:21:01 INFO  : ----------------XSDB Script----------------
connect -url tcp:127.0.0.1:3121
configparams mdm-detect-bscan-mask 2
targets -set -nocase -filter {name =~ "microblaze*#0" && bscan=="USER2"  && jtag_cable_name =~ "Digilent JTAG-SMT2NC 210308A5F038"} -index 0
rst -processor
targets -set -nocase -filter {name =~ "microblaze*#0" && bscan=="USER2"  && jtag_cable_name =~ "Digilent JTAG-SMT2NC 210308A5F038"} -index 0
dow C:/james/fpga_projects/rfsoc_controller/rfsoc_controller.sdk/rfsoc_controller/Debug/rfsoc_controller.elf
----------------End of Script----------------

15:21:01 INFO  : Memory regions updated for context MicroBlaze #0
15:21:01 INFO  : Memory regions updated for context MicroBlaze #0
15:21:01 INFO  : Context for processor 'microblaze_0' is selected.
15:21:01 INFO  : 'con' command is executed.
15:21:01 INFO  : ----------------XSDB Script (After Launch)----------------
targets -set -nocase -filter {name =~ "microblaze*#0" && bscan=="USER2"  && jtag_cable_name =~ "Digilent JTAG-SMT2NC 210308A5F038"} -index 0
con
----------------End of Script----------------

15:21:01 INFO  : Launch script is exported to file 'C:\james\fpga_projects\rfsoc_controller\rfsoc_controller.sdk\.sdk\launch_scripts\xilinx_c-c++_application_(system_debugger)\system_debugger_using_debug_rfsoc_controller.elf_on_local.tcl'
09:45:14 INFO  : Disconnected from the channel tcfchan#1.
09:47:36 INFO  : Launching XSCT server: xsct.bat -interactive C:\james\fpga_projects\rfsoc_controller\rfsoc_controller.sdk\temp_xsdb_launch_script.tcl
09:47:38 INFO  : XSCT server has started successfully.
09:47:41 INFO  : Successfully done setting XSCT server connection channel  
09:47:41 INFO  : Successfully done setting SDK workspace  
09:47:43 INFO  : Registering command handlers for SDK TCF services
09:47:44 INFO  : Processing command line option -hwspec C:/james/fpga_projects/rfsoc_controller/rfsoc_controller.sdk/top_level_wrapper.hdf.
09:47:44 INFO  : Checking for hwspec changes in the project top_level_wrapper_hw_platform_0.
09:48:36 INFO  : Connected to target on host '127.0.0.1' and port '3121'.
09:48:37 INFO  : 'targets -set -filter {jtag_cable_name =~ "Digilent JTAG-SMT2NC 210308A5F038" && level==0} -index 0' command is executed.
09:48:57 INFO  : FPGA configured successfully with bitstream "C:/james/fpga_projects/rfsoc_controller/rfsoc_controller.sdk/top_level_wrapper_hw_platform_0/download.bit"
09:49:36 INFO  : 'targets -set -filter {jtag_cable_name =~ "Digilent JTAG-SMT2NC 210308A5F038" && level==0} -index 0' command is executed.
09:49:36 INFO  : 'fpga -state' command is executed.
09:49:36 INFO  : Connected to target on host '127.0.0.1' and port '3121'.
09:49:36 INFO  : Jtag cable 'Digilent JTAG-SMT2NC 210308A5F038' is selected.
09:49:36 INFO  : 'jtag frequency' command is executed.
09:49:36 INFO  : 'configparams mdm-detect-bscan-mask 2' command is executed.
09:49:36 INFO  : Context for processor 'microblaze_0' is selected.
09:49:36 INFO  : Processor reset is completed for 'microblaze_0'.
09:49:36 INFO  : Context for processor 'microblaze_0' is selected.
09:49:36 INFO  : The application 'C:/james/fpga_projects/rfsoc_controller/rfsoc_controller.sdk/rfsoc_controller/Debug/rfsoc_controller.elf' is downloaded to processor 'microblaze_0'.
09:49:36 INFO  : ----------------XSDB Script----------------
connect -url tcp:127.0.0.1:3121
configparams mdm-detect-bscan-mask 2
targets -set -nocase -filter {name =~ "microblaze*#0" && bscan=="USER2"  && jtag_cable_name =~ "Digilent JTAG-SMT2NC 210308A5F038"} -index 0
rst -processor
targets -set -nocase -filter {name =~ "microblaze*#0" && bscan=="USER2"  && jtag_cable_name =~ "Digilent JTAG-SMT2NC 210308A5F038"} -index 0
dow C:/james/fpga_projects/rfsoc_controller/rfsoc_controller.sdk/rfsoc_controller/Debug/rfsoc_controller.elf
----------------End of Script----------------

09:49:36 INFO  : Memory regions updated for context MicroBlaze #0
09:49:36 INFO  : Memory regions updated for context MicroBlaze #0
09:49:37 INFO  : Context for processor 'microblaze_0' is selected.
09:49:37 INFO  : 'con' command is executed.
09:49:37 INFO  : ----------------XSDB Script (After Launch)----------------
targets -set -nocase -filter {name =~ "microblaze*#0" && bscan=="USER2"  && jtag_cable_name =~ "Digilent JTAG-SMT2NC 210308A5F038"} -index 0
con
----------------End of Script----------------

09:49:37 INFO  : Launch script is exported to file 'C:\james\fpga_projects\rfsoc_controller\rfsoc_controller.sdk\.sdk\launch_scripts\xilinx_c-c++_application_(system_debugger)\system_debugger_using_debug_rfsoc_controller.elf_on_local.tcl'
09:50:13 INFO  : Disconnected from the channel tcfchan#1.
09:50:14 INFO  : 'targets -set -filter {jtag_cable_name =~ "Digilent JTAG-SMT2NC 210308A5F038" && level==0} -index 0' command is executed.
09:50:14 INFO  : 'fpga -state' command is executed.
09:50:14 INFO  : Connected to target on host '127.0.0.1' and port '3121'.
09:50:14 INFO  : Jtag cable 'Digilent JTAG-SMT2NC 210308A5F038' is selected.
09:50:14 INFO  : 'jtag frequency' command is executed.
09:50:14 INFO  : 'configparams mdm-detect-bscan-mask 2' command is executed.
09:50:14 INFO  : Context for processor 'microblaze_0' is selected.
09:50:14 INFO  : Processor reset is completed for 'microblaze_0'.
09:50:14 INFO  : Context for processor 'microblaze_0' is selected.
09:50:15 INFO  : The application 'C:/james/fpga_projects/rfsoc_controller/rfsoc_controller.sdk/rfsoc_controller/Debug/rfsoc_controller.elf' is downloaded to processor 'microblaze_0'.
09:50:15 INFO  : ----------------XSDB Script----------------
connect -url tcp:127.0.0.1:3121
configparams mdm-detect-bscan-mask 2
targets -set -nocase -filter {name =~ "microblaze*#0" && bscan=="USER2"  && jtag_cable_name =~ "Digilent JTAG-SMT2NC 210308A5F038"} -index 0
rst -processor
targets -set -nocase -filter {name =~ "microblaze*#0" && bscan=="USER2"  && jtag_cable_name =~ "Digilent JTAG-SMT2NC 210308A5F038"} -index 0
dow C:/james/fpga_projects/rfsoc_controller/rfsoc_controller.sdk/rfsoc_controller/Debug/rfsoc_controller.elf
----------------End of Script----------------

09:50:15 INFO  : Memory regions updated for context MicroBlaze #0
09:50:15 INFO  : Memory regions updated for context MicroBlaze #0
09:50:15 INFO  : Context for processor 'microblaze_0' is selected.
09:50:15 INFO  : 'con' command is executed.
09:50:15 INFO  : ----------------XSDB Script (After Launch)----------------
targets -set -nocase -filter {name =~ "microblaze*#0" && bscan=="USER2"  && jtag_cable_name =~ "Digilent JTAG-SMT2NC 210308A5F038"} -index 0
con
----------------End of Script----------------

09:50:15 INFO  : Launch script is exported to file 'C:\james\fpga_projects\rfsoc_controller\rfsoc_controller.sdk\.sdk\launch_scripts\xilinx_c-c++_application_(system_debugger)\system_debugger_using_debug_rfsoc_controller.elf_on_local.tcl'
11:41:19 INFO  : Connected to target on host '127.0.0.1' and port '3121'.
11:41:19 INFO  : 'targets -set -filter {jtag_cable_name =~ "Digilent JTAG-SMT2NC 210308A5F038" && level==0} -index 0' command is executed.
11:41:39 INFO  : FPGA configured successfully with bitstream "C:/james/fpga_projects/rfsoc_controller/rfsoc_controller.sdk/top_level_wrapper_hw_platform_0/download.bit"
11:41:46 INFO  : Disconnected from the channel tcfchan#2.
11:41:47 INFO  : 'targets -set -filter {jtag_cable_name =~ "Digilent JTAG-SMT2NC 210308A5F038" && level==0} -index 0' command is executed.
11:41:47 INFO  : 'fpga -state' command is executed.
11:41:47 INFO  : Connected to target on host '127.0.0.1' and port '3121'.
11:41:47 INFO  : Jtag cable 'Digilent JTAG-SMT2NC 210308A5F038' is selected.
11:41:47 INFO  : 'jtag frequency' command is executed.
11:41:47 INFO  : 'configparams mdm-detect-bscan-mask 2' command is executed.
11:41:47 INFO  : Context for processor 'microblaze_0' is selected.
11:41:47 INFO  : Processor reset is completed for 'microblaze_0'.
11:41:47 INFO  : Context for processor 'microblaze_0' is selected.
11:41:48 INFO  : The application 'C:/james/fpga_projects/rfsoc_controller/rfsoc_controller.sdk/rfsoc_controller/Debug/rfsoc_controller.elf' is downloaded to processor 'microblaze_0'.
11:41:48 INFO  : ----------------XSDB Script----------------
connect -url tcp:127.0.0.1:3121
configparams mdm-detect-bscan-mask 2
targets -set -nocase -filter {name =~ "microblaze*#0" && bscan=="USER2"  && jtag_cable_name =~ "Digilent JTAG-SMT2NC 210308A5F038"} -index 0
rst -processor
targets -set -nocase -filter {name =~ "microblaze*#0" && bscan=="USER2"  && jtag_cable_name =~ "Digilent JTAG-SMT2NC 210308A5F038"} -index 0
dow C:/james/fpga_projects/rfsoc_controller/rfsoc_controller.sdk/rfsoc_controller/Debug/rfsoc_controller.elf
----------------End of Script----------------

11:41:48 INFO  : Memory regions updated for context MicroBlaze #0
11:41:48 INFO  : Memory regions updated for context MicroBlaze #0
11:41:48 INFO  : Context for processor 'microblaze_0' is selected.
11:41:48 INFO  : 'con' command is executed.
11:41:48 INFO  : ----------------XSDB Script (After Launch)----------------
targets -set -nocase -filter {name =~ "microblaze*#0" && bscan=="USER2"  && jtag_cable_name =~ "Digilent JTAG-SMT2NC 210308A5F038"} -index 0
con
----------------End of Script----------------

11:41:48 INFO  : Launch script is exported to file 'C:\james\fpga_projects\rfsoc_controller\rfsoc_controller.sdk\.sdk\launch_scripts\xilinx_c-c++_application_(system_debugger)\system_debugger_using_debug_rfsoc_controller.elf_on_local.tcl'
11:58:09 INFO  : Connected to target on host '127.0.0.1' and port '3121'.
11:58:09 INFO  : 'targets -set -filter {jtag_cable_name =~ "Digilent JTAG-SMT2NC 210308A5F038" && level==0} -index 0' command is executed.
11:58:29 INFO  : FPGA configured successfully with bitstream "C:/james/fpga_projects/rfsoc_controller/rfsoc_controller.sdk/top_level_wrapper_hw_platform_0/download.bit"
11:58:34 INFO  : Disconnected from the channel tcfchan#3.
11:58:35 INFO  : 'targets -set -filter {jtag_cable_name =~ "Digilent JTAG-SMT2NC 210308A5F038" && level==0} -index 0' command is executed.
11:58:35 INFO  : 'fpga -state' command is executed.
11:58:35 INFO  : Connected to target on host '127.0.0.1' and port '3121'.
11:58:36 INFO  : Jtag cable 'Digilent JTAG-SMT2NC 210308A5F038' is selected.
11:58:36 INFO  : 'jtag frequency' command is executed.
11:58:36 INFO  : 'configparams mdm-detect-bscan-mask 2' command is executed.
11:58:36 INFO  : Context for processor 'microblaze_0' is selected.
11:58:36 INFO  : Processor reset is completed for 'microblaze_0'.
11:58:36 INFO  : Context for processor 'microblaze_0' is selected.
11:58:36 INFO  : The application 'C:/james/fpga_projects/rfsoc_controller/rfsoc_controller.sdk/rfsoc_controller/Debug/rfsoc_controller.elf' is downloaded to processor 'microblaze_0'.
11:58:36 INFO  : ----------------XSDB Script----------------
connect -url tcp:127.0.0.1:3121
configparams mdm-detect-bscan-mask 2
targets -set -nocase -filter {name =~ "microblaze*#0" && bscan=="USER2"  && jtag_cable_name =~ "Digilent JTAG-SMT2NC 210308A5F038"} -index 0
rst -processor
targets -set -nocase -filter {name =~ "microblaze*#0" && bscan=="USER2"  && jtag_cable_name =~ "Digilent JTAG-SMT2NC 210308A5F038"} -index 0
dow C:/james/fpga_projects/rfsoc_controller/rfsoc_controller.sdk/rfsoc_controller/Debug/rfsoc_controller.elf
----------------End of Script----------------

11:58:36 INFO  : Memory regions updated for context MicroBlaze #0
11:58:36 INFO  : Memory regions updated for context MicroBlaze #0
11:58:36 INFO  : Context for processor 'microblaze_0' is selected.
11:58:36 INFO  : 'con' command is executed.
11:58:36 INFO  : ----------------XSDB Script (After Launch)----------------
targets -set -nocase -filter {name =~ "microblaze*#0" && bscan=="USER2"  && jtag_cable_name =~ "Digilent JTAG-SMT2NC 210308A5F038"} -index 0
con
----------------End of Script----------------

11:58:36 INFO  : Launch script is exported to file 'C:\james\fpga_projects\rfsoc_controller\rfsoc_controller.sdk\.sdk\launch_scripts\xilinx_c-c++_application_(system_debugger)\system_debugger_using_debug_rfsoc_controller.elf_on_local.tcl'
15:12:42 INFO  : Disconnected from the channel tcfchan#4.
15:12:43 INFO  : 'targets -set -filter {jtag_cable_name =~ "Digilent JTAG-SMT2NC 210308A5F038" && level==0} -index 0' command is executed.
15:12:43 INFO  : 'fpga -state' command is executed.
15:12:43 INFO  : Connected to target on host '127.0.0.1' and port '3121'.
15:12:43 INFO  : Jtag cable 'Digilent JTAG-SMT2NC 210308A5F038' is selected.
15:12:43 INFO  : 'jtag frequency' command is executed.
15:12:43 INFO  : 'configparams mdm-detect-bscan-mask 2' command is executed.
15:12:43 INFO  : Context for processor 'microblaze_0' is selected.
15:12:43 INFO  : Processor reset is completed for 'microblaze_0'.
15:12:43 INFO  : Context for processor 'microblaze_0' is selected.
15:12:44 INFO  : The application 'C:/james/fpga_projects/rfsoc_controller/rfsoc_controller.sdk/rfsoc_controller/Debug/rfsoc_controller.elf' is downloaded to processor 'microblaze_0'.
15:12:44 INFO  : ----------------XSDB Script----------------
connect -url tcp:127.0.0.1:3121
configparams mdm-detect-bscan-mask 2
targets -set -nocase -filter {name =~ "microblaze*#0" && bscan=="USER2"  && jtag_cable_name =~ "Digilent JTAG-SMT2NC 210308A5F038"} -index 0
rst -processor
targets -set -nocase -filter {name =~ "microblaze*#0" && bscan=="USER2"  && jtag_cable_name =~ "Digilent JTAG-SMT2NC 210308A5F038"} -index 0
dow C:/james/fpga_projects/rfsoc_controller/rfsoc_controller.sdk/rfsoc_controller/Debug/rfsoc_controller.elf
----------------End of Script----------------

15:12:44 INFO  : Memory regions updated for context MicroBlaze #0
15:12:44 INFO  : Memory regions updated for context MicroBlaze #0
15:12:44 INFO  : Context for processor 'microblaze_0' is selected.
15:12:44 INFO  : 'con' command is executed.
15:12:44 INFO  : ----------------XSDB Script (After Launch)----------------
targets -set -nocase -filter {name =~ "microblaze*#0" && bscan=="USER2"  && jtag_cable_name =~ "Digilent JTAG-SMT2NC 210308A5F038"} -index 0
con
----------------End of Script----------------

15:12:44 INFO  : Launch script is exported to file 'C:\james\fpga_projects\rfsoc_controller\rfsoc_controller.sdk\.sdk\launch_scripts\xilinx_c-c++_application_(system_debugger)\system_debugger_using_debug_rfsoc_controller.elf_on_local.tcl'
16:31:27 INFO  : Inferring section assignments and sizes from elf file: C:\james\fpga_projects\rfsoc_controller\rfsoc_controller.sdk\rfsoc_controller\Debug\rfsoc_controller.elf
18:20:31 INFO  : Disconnected from the channel tcfchan#5.
13:29:57 INFO  : Registering command handlers for SDK TCF services
13:29:57 INFO  : Launching XSCT server: xsct.bat -interactive C:\james\fpga_projects\rfsoc_controller\rfsoc_controller.sdk\temp_xsdb_launch_script.tcl
13:29:59 INFO  : XSCT server has started successfully.
13:30:02 INFO  : Successfully done setting XSCT server connection channel  
13:30:02 INFO  : Processing command line option -hwspec C:/james/fpga_projects/rfsoc_controller/rfsoc_controller.sdk/top_level_wrapper.hdf.
13:30:02 INFO  : Successfully done setting SDK workspace  
13:30:02 INFO  : Checking for hwspec changes in the project top_level_wrapper_hw_platform_0.
