#-----------------------------------------------------------
# Vivado v2019.1 (64-bit)
# SW Build 2552052 on Fri May 24 14:49:42 MDT 2019
# IP Build 2548770 on Fri May 24 18:01:18 MDT 2019
# Start of session at: Tue Aug 13 18:27:34 2019
# Process ID: 13188
# Current directory: C:/james/fpga_projects/rfsoc_controller
# Command line: vivado.exe -gui_launcher_event rodinguilauncherevent4848 C:\james\fpga_projects\rfsoc_controller\rfsoc_controller.xpr
# Log file: C:/james/fpga_projects/rfsoc_controller/vivado.log
# Journal file: C:/james/fpga_projects/rfsoc_controller\vivado.jou
#-----------------------------------------------------------
start_gui
open_project C:/james/fpga_projects/rfsoc_controller/rfsoc_controller.xpr
WARNING: [Board 49-91] Board repository path 'C:/Users/Marandi' does not exist, it will not be used to search board files.
WARNING: [Board 49-91] Board repository path 'Group' does not exist, it will not be used to search board files.
WARNING: [Board 49-91] Board repository path 'Vivado/AppData/Roaming/Xilinx/Vivado/2019.1/xhub/board_store' does not exist, it will not be used to search board files.
WARNING: [Board 49-91] Board repository path 'C:/Users/Marandi' does not exist, it will not be used to search board files.
WARNING: [Board 49-91] Board repository path 'c:/Users/Marandi' does not exist, it will not be used to search board files.
WARNING: [Board 49-91] Board repository path 'Group' does not exist, it will not be used to search board files.
WARNING: [Board 49-91] Board repository path 'Vivado/AppData/Roaming/Xilinx/Vivado/Group' does not exist, it will not be used to search board files.
WARNING: [Board 49-91] Board repository path 'c:/Users/Marandi' does not exist, it will not be used to search board files.
WARNING: [Board 49-91] Board repository path 'Group' does not exist, it will not be used to search board files.
WARNING: [Board 49-91] Board repository path 'Vivado/AppData/Roaming/Xilinx/Vivado/Vivado/AppData/Roaming/Xilinx/Vivado/2019.1/xhub/board_store' does not exist, it will not be used to search board files.
WARNING: [Board 49-91] Board repository path 'c:/Users/Marandi' does not exist, it will not be used to search board files.
WARNING: [Board 49-91] Board repository path 'c:/Users/Marandi' does not exist, it will not be used to search board files.
WARNING: [Board 49-91] Board repository path 'Group' does not exist, it will not be used to search board files.
WARNING: [Board 49-91] Board repository path 'Vivado/AppData/Roaming/Xilinx/Vivado/Vivado/AppData/Roaming/Xilinx/Vivado/Group' does not exist, it will not be used to search board files.
WARNING: [Board 49-91] Board repository path 'c:/Users/Marandi' does not exist, it will not be used to search board files.
WARNING: [Board 49-91] Board repository path 'Group' does not exist, it will not be used to search board files.
WARNING: [Board 49-91] Board repository path 'Vivado/AppData/Roaming/Xilinx/Vivado/Vivado/AppData/Roaming/Xilinx/Vivado/Vivado/AppData/Roaming/Xilinx/Vivado/2019.1/xhub/board_store' does not exist, it will not be used to search board files.
Scanning sources...
Finished scanning sources
WARNING: [filemgmt 56-3] Board Part Repository Path: Could not find the directory 'C:/Users/Marandi Group Vivado/AppData/Roaming/Xilinx/Vivado/2019.1/xhub/board_store'.
WARNING: [filemgmt 56-3] Board Part Repository Path: Could not find the directory 'C:/Users/Marandi'.
WARNING: [filemgmt 56-3] Board Part Repository Path: Could not find the directory 'C:/Users/Marandi Group Vivado/AppData/Roaming/Xilinx/Vivado/Group'.
WARNING: [filemgmt 56-3] Board Part Repository Path: Could not find the directory 'C:/Users/Marandi Group Vivado/AppData/Roaming/Xilinx/Vivado/Vivado/AppData/Roaming/Xilinx/Vivado/2019.1/xhub/board_store'.
INFO: [IP_Flow 19-234] Refreshing IP repositories
INFO: [IP_Flow 19-1700] Loaded user IP repository 'c:/james/fpga_projects/adc_ip'.
INFO: [IP_Flow 19-1700] Loaded user IP repository 'c:/james/fpga_projects/trigger_controller_ip'.
INFO: [IP_Flow 19-1700] Loaded user IP repository 'c:/james/fpga_projects/ip_repo'.
INFO: [IP_Flow 19-2313] Loaded Vivado IP repository 'C:/Xilinx/Vivado/2019.1/data/ip'.
WARNING: [BD 41-1661] One or more IPs have been locked in the design 'top_level.bd'. Please run report_ip_status for more details and recommendations on how to fix this issue.
List of locked IPs:
top_level_rfsoc_data_pipeline_8_0
top_level_rfsoc_data_pipeline_0_0
top_level_rfsoc_data_pipeline_10_0
top_level_rfsoc_data_pipeline_1_0
top_level_rfsoc_data_pipeline_11_0
top_level_rfsoc_data_pipeline_2_0
top_level_rfsoc_data_pipeline_12_0
top_level_rfsoc_data_pipeline_3_0
top_level_rfsoc_data_pipeline_13_0
top_level_rfsoc_data_pipeline_4_0
top_level_rfsoc_data_pipeline_14_0
top_level_rfsoc_data_pipeline_5_0
top_level_rfsoc_data_pipeline_15_0
top_level_rfsoc_data_pipeline_6_0
top_level_rfsoc_data_pipeline_7_0
top_level_rfsoc_data_pipeline_9_0

open_project: Time (s): cpu = 00:00:47 ; elapsed = 00:00:51 . Memory (MB): peak = 1183.613 ; gain = 563.637
