Copyright 1986-2019 Xilinx, Inc. All Rights Reserved.
----------------------------------------------------------------------------------------------------
| Tool Version      : Vivado v.2019.1 (win64) Build 2552052 Fri May 24 14:49:42 MDT 2019
| Date              : Tue Jul  2 15:25:32 2019
| Host              : DESKTOP-6ILET8A running 64-bit major release  (build 9200)
| Command           : report_clock_utilization -file top_level_wrapper_clock_utilization_routed.rpt
| Design            : top_level_wrapper
| Device            : xczu29dr-ffvf1760
| Speed File        : -2  PRODUCTION 1.25 05-09-2019
| Temperature Grade : E
| Design State      : Routed
----------------------------------------------------------------------------------------------------

Clock Utilization Report

Table of Contents
-----------------
1. Clock Primitive Utilization
2. Global Clock Resources
3. Global Clock Source Details
4. Clock Regions : Clock Primitives
5. Clock Regions : Load Primitives
6. Clock Regions : Global Clock Summary
7. Clock Regions : Routing Resource Utilization
8. Device Cell Placement Summary for Global Clock g0
9. Device Cell Placement Summary for Global Clock g1
10. Device Cell Placement Summary for Global Clock g2
11. Device Cell Placement Summary for Global Clock g3
12. Device Cell Placement Summary for Global Clock g4
13. Clock Region Cell Placement per Global Clock: Region X3Y0
14. Clock Region Cell Placement per Global Clock: Region X4Y0
15. Clock Region Cell Placement per Global Clock: Region X5Y0
16. Clock Region Cell Placement per Global Clock: Region X3Y1
17. Clock Region Cell Placement per Global Clock: Region X4Y1
18. Clock Region Cell Placement per Global Clock: Region X5Y1
19. Clock Region Cell Placement per Global Clock: Region X3Y2
20. Clock Region Cell Placement per Global Clock: Region X4Y2
21. Clock Region Cell Placement per Global Clock: Region X5Y2
22. Clock Region Cell Placement per Global Clock: Region X3Y3
23. Clock Region Cell Placement per Global Clock: Region X4Y3
24. Clock Region Cell Placement per Global Clock: Region X5Y3
25. Clock Region Cell Placement per Global Clock: Region X1Y4
26. Clock Region Cell Placement per Global Clock: Region X2Y4
27. Clock Region Cell Placement per Global Clock: Region X3Y4
28. Clock Region Cell Placement per Global Clock: Region X4Y4
29. Clock Region Cell Placement per Global Clock: Region X5Y4
30. Clock Region Cell Placement per Global Clock: Region X1Y5
31. Clock Region Cell Placement per Global Clock: Region X2Y5
32. Clock Region Cell Placement per Global Clock: Region X3Y5
33. Clock Region Cell Placement per Global Clock: Region X4Y5
34. Clock Region Cell Placement per Global Clock: Region X5Y5
35. Clock Region Cell Placement per Global Clock: Region X3Y6
36. Clock Region Cell Placement per Global Clock: Region X4Y6
37. Clock Region Cell Placement per Global Clock: Region X5Y6
38. Clock Region Cell Placement per Global Clock: Region X3Y7
39. Clock Region Cell Placement per Global Clock: Region X4Y7
40. Clock Region Cell Placement per Global Clock: Region X5Y7

1. Clock Primitive Utilization
------------------------------

+------------+------+-----------+-----+--------------+--------+
| Type       | Used | Available | LOC | Clock Region | Pblock |
+------------+------+-----------+-----+--------------+--------+
| BUFGCE     |    4 |       216 |   0 |            0 |      0 |
| BUFGCE_DIV |    0 |        32 |   0 |            0 |      0 |
| BUFGCTRL   |    0 |        64 |   0 |            0 |      0 |
| BUFG_GT    |    1 |       312 |   0 |            0 |      0 |
| MMCM       |    1 |         8 |   0 |            0 |      0 |
| PLL        |    0 |        16 |   0 |            0 |      0 |
+------------+------+-----------+-----+--------------+--------+


2. Global Clock Resources
-------------------------

+-----------+-----------+-----------------+------------+----------------+--------------+------+-------------------+-------------------+-------------+-----------------+--------------+-----------------------------------------------------------------------------------------------------+------------------------------------------------------------------------------------------------------------+------------------------------------------------------------------------------------------------------+
| Global Id | Source Id | Driver Type/Pin | Constraint | Site           | Clock Region | Root | Clock Delay Group | Load Clock Region | Clock Loads | Non-Clock Loads | Clock Period | Clock                                                                                               | Driver Pin                                                                                                 | Net                                                                                                  |
+-----------+-----------+-----------------+------------+----------------+--------------+------+-------------------+-------------------+-------------+-----------------+--------------+-----------------------------------------------------------------------------------------------------+------------------------------------------------------------------------------------------------------------+------------------------------------------------------------------------------------------------------+
| g0        | src0      | BUFGCE/O        | None       | BUFGCE_X0Y50   | X4Y2         | X3Y3 |                   |                21 |       22779 |               0 |        9.999 | clk_out1_top_level_clk_wiz_1_0                                                                      | top_level_i/clk_wiz_1/inst/clkout1_buf/O                                                                   | top_level_i/clk_wiz_1/inst/clk_out1                                                                  |
| g1        | src1      | BUFG_GT/O       | None       | BUFG_GT_X1Y101 | X5Y4         | X3Y4 |                   |                15 |       11444 |               0 |        4.000 | RFDAC0_CLK                                                                                          | top_level_i/usp_rf_data_converter_0/inst/i_top_level_usp_rf_data_converter_0_0_bufg_gt_ctrl/dac0_bufg_gt/O | top_level_i/usp_rf_data_converter_0/inst/i_top_level_usp_rf_data_converter_0_0_bufg_gt_ctrl/clk_dac0 |
| g2        | src2      | BUFGCE/O        | None       | BUFGCE_X0Y104  | X4Y4         | X4Y2 |                   |                 3 |         484 |               0 |       50.000 | dbg_hub/inst/BSCANID.u_xsdbm_id/SWITCH_N_EXT_BSCAN.bscan_inst/SERIES7_BSCAN.bscan_inst/INTERNAL_TCK | dbg_hub/inst/BSCANID.u_xsdbm_id/SWITCH_N_EXT_BSCAN.u_bufg_icon_tck/O                                       | dbg_hub/inst/BSCANID.u_xsdbm_id/itck_i                                                               |
| g3        | src3      | BUFGCE/O        | None       | BUFGCE_X0Y86   | X4Y3         | X4Y3 |                   |                 4 |         250 |               0 |       33.333 | top_level_i/mdm_1/U0/Use_E2.BSCAN_I/Use_E2.BSCANE2_I/DRCK                                           | top_level_i/mdm_1/U0/No_Dbg_Reg_Access.BUFG_DRCK/Using_FPGA.Native/O                                       | top_level_i/mdm_1/U0/No_Dbg_Reg_Access.BUFG_DRCK/Ext_JTAG_DRCK                                       |
| g4        | src4      | BUFGCE/O        | None       | BUFGCE_X0Y92   | X4Y3         | X4Y3 | n/a               |                 2 |           0 |            1108 |          n/a | n/a                                                                                                 | top_level_i/rst_clk_wiz_1_100M/U0/ACTIVE_LOW_PR_OUT_DFF[0].FDRE_PER_N_bufg_place/O                         | top_level_i/rst_clk_wiz_1_100M/U0/peripheral_aresetn[0]                                              |
+-----------+-----------+-----------------+------------+----------------+--------------+------+-------------------+-------------------+-------------+-----------------+--------------+-----------------------------------------------------------------------------------------------------+------------------------------------------------------------------------------------------------------------+------------------------------------------------------------------------------------------------------+
* Clock Loads column represents the clock pin loads (pin count)
** Non-Clock Loads column represents the non-clock pin loads (pin count)


3. Global Clock Source Details
------------------------------

+-----------+-----------+--------------------+------------+------------------+--------------+-------------+-----------------+---------------------+-----------------------------------------------------------------------------------------------------+-------------------------------------------------------------------------------------------------------------+------------------------------------------------------------------------------------------------------+
| Source Id | Global Id | Driver Type/Pin    | Constraint | Site             | Clock Region | Clock Loads | Non-Clock Loads | Source Clock Period | Source Clock                                                                                        | Driver Pin                                                                                                  | Net                                                                                                  |
+-----------+-----------+--------------------+------------+------------------+--------------+-------------+-----------------+---------------------+-----------------------------------------------------------------------------------------------------+-------------------------------------------------------------------------------------------------------------+------------------------------------------------------------------------------------------------------+
| src0      | g0        | MMCME4_ADV/CLKOUT0 | None       | MMCM_X0Y2        | X4Y2         |           1 |               0 |               9.999 | clk_out1_top_level_clk_wiz_1_0                                                                      | top_level_i/clk_wiz_1/inst/mmcme4_adv_inst/CLKOUT0                                                          | top_level_i/clk_wiz_1/inst/clk_out1_top_level_clk_wiz_1_0                                            |
| src1      | g1        | HSDAC/CLK_DAC      | HSDAC_X0Y0 | HSDAC_X0Y0       | X5Y4         |           2 |               0 |               4.000 | RFDAC0_CLK                                                                                          | top_level_i/usp_rf_data_converter_0/inst/top_level_usp_rf_data_converter_0_0_rf_wrapper_i/tx0_u_dac/CLK_DAC | top_level_i/usp_rf_data_converter_0/inst/top_level_usp_rf_data_converter_0_0_rf_wrapper_i/clk_dac0_i |
| src2      | g2        | BSCANE2/TCK        | None       | CONFIG_SITE_X0Y0 | X5Y1         |           1 |               0 |              50.000 | dbg_hub/inst/BSCANID.u_xsdbm_id/SWITCH_N_EXT_BSCAN.bscan_inst/SERIES7_BSCAN.bscan_inst/INTERNAL_TCK | dbg_hub/inst/BSCANID.u_xsdbm_id/SWITCH_N_EXT_BSCAN.bscan_inst/SERIES7_BSCAN.bscan_inst/TCK                  | dbg_hub/inst/BSCANID.u_xsdbm_id/SWITCH_N_EXT_BSCAN.bscan_inst/tck_bs                                 |
| src3      | g3        | BSCANE2/DRCK       | None       | CONFIG_SITE_X0Y0 | X5Y1         |           1 |               0 |              33.333 | top_level_i/mdm_1/U0/Use_E2.BSCAN_I/Use_E2.BSCANE2_I/DRCK                                           | top_level_i/mdm_1/U0/Use_E2.BSCAN_I/Use_E2.BSCANE2_I/DRCK                                                   | top_level_i/mdm_1/U0/Use_E2.BSCAN_I/DRCK                                                             |
| src4      | g4        | FDRE/Q             | None       | SLICE_X90Y166    | X4Y2         |           1 |               0 |                     |                                                                                                     | top_level_i/rst_clk_wiz_1_100M/U0/ACTIVE_LOW_PR_OUT_DFF[0].FDRE_PER_N_bufg_rep/Q                            | top_level_i/rst_clk_wiz_1_100M/U0/peripheral_aresetn[0]_bufg_place_bufg_rep                          |
+-----------+-----------+--------------------+------------+------------------+--------------+-------------+-----------------+---------------------+-----------------------------------------------------------------------------------------------------+-------------------------------------------------------------------------------------------------------------+------------------------------------------------------------------------------------------------------+
* Clock Loads column represents the clock pin loads (pin count)
** Non-Clock Loads column represents the non-clock pin loads (pin count)


4. Clock Regions : Clock Primitives
-----------------------------------

+-------------------+--------------+--------------+--------------+--------------+--------------+--------------+--------------+
|                   | Global Clock |    BUFGCE    |  BUFGCE_DIV  |   BUFGCTRL   |    BUFG_GT   |     MMCM     |      PLL     |
+-------------------+------+-------+------+-------+------+-------+------+-------+------+-------+------+-------+------+-------+
| Clock Region Name | Used | Avail | Used | Avail | Used | Avail | Used | Avail | Used | Avail | Used | Avail | Used | Avail |
+-------------------+------+-------+------+-------+------+-------+------+-------+------+-------+------+-------+------+-------+
| X0Y0              |    0 |     0 |    0 |     0 |    0 |     0 |    0 |     0 |    0 |     0 |    0 |     0 |    0 |     0 |
| X1Y0              |    0 |    24 |    0 |     0 |    0 |     0 |    0 |     0 |    0 |     0 |    0 |     0 |    0 |     0 |
| X2Y0              |    0 |    24 |    0 |     0 |    0 |     0 |    0 |     0 |    0 |     0 |    0 |     0 |    0 |     0 |
| X3Y0              |    1 |    24 |    0 |     0 |    0 |     0 |    0 |     0 |    0 |     0 |    0 |     0 |    0 |     0 |
| X4Y0              |    1 |    24 |    0 |    24 |    0 |     4 |    0 |     8 |    0 |     0 |    0 |     1 |    0 |     2 |
| X5Y0              |    1 |    24 |    0 |     4 |    0 |     0 |    0 |     0 |    0 |    24 |    0 |     0 |    0 |     0 |
| X0Y1              |    0 |     0 |    0 |     0 |    0 |     0 |    0 |     0 |    0 |     0 |    0 |     0 |    0 |     0 |
| X1Y1              |    0 |    24 |    0 |     0 |    0 |     0 |    0 |     0 |    0 |     0 |    0 |     0 |    0 |     0 |
| X2Y1              |    0 |    24 |    0 |     0 |    0 |     0 |    0 |     0 |    0 |     0 |    0 |     0 |    0 |     0 |
| X3Y1              |    1 |    24 |    0 |     0 |    0 |     0 |    0 |     0 |    0 |     0 |    0 |     0 |    0 |     0 |
| X4Y1              |    2 |    24 |    0 |    24 |    0 |     4 |    0 |     8 |    0 |     0 |    0 |     1 |    0 |     2 |
| X5Y1              |    2 |    24 |    0 |     0 |    0 |     0 |    0 |     0 |    0 |    24 |    0 |     0 |    0 |     0 |
| X0Y2              |    0 |     0 |    0 |     0 |    0 |     0 |    0 |     0 |    0 |     0 |    0 |     0 |    0 |     0 |
| X1Y2              |    0 |    24 |    0 |     0 |    0 |     0 |    0 |     0 |    0 |     0 |    0 |     0 |    0 |     0 |
| X2Y2              |    0 |    24 |    0 |     0 |    0 |     0 |    0 |     0 |    0 |     0 |    0 |     0 |    0 |     0 |
| X3Y2              |    2 |    24 |    0 |     0 |    0 |     0 |    0 |     0 |    0 |     0 |    0 |     0 |    0 |     0 |
| X4Y2              |    5 |    24 |    1 |    24 |    0 |     4 |    0 |     8 |    0 |     0 |    1 |     1 |    0 |     2 |
| X5Y2              |    4 |    24 |    0 |     0 |    0 |     0 |    0 |     0 |    0 |    24 |    0 |     0 |    0 |     0 |
| X0Y3              |    0 |    24 |    0 |     0 |    0 |     0 |    0 |     0 |    0 |    24 |    0 |     0 |    0 |     0 |
| X1Y3              |    0 |    24 |    0 |     0 |    0 |     0 |    0 |     0 |    0 |     0 |    0 |     0 |    0 |     0 |
| X2Y3              |    0 |    24 |    0 |     0 |    0 |     0 |    0 |     0 |    0 |     0 |    0 |     0 |    0 |     0 |
| X3Y3              |    2 |    24 |    0 |     0 |    0 |     0 |    0 |     0 |    0 |     0 |    0 |     0 |    0 |     0 |
| X4Y3              |    5 |    24 |    2 |    24 |    0 |     4 |    0 |     8 |    0 |     0 |    0 |     1 |    0 |     2 |
| X5Y3              |    4 |    24 |    0 |     4 |    0 |     0 |    0 |     0 |    0 |    24 |    0 |     0 |    0 |     0 |
| X0Y4              |    0 |    24 |    0 |     0 |    0 |     0 |    0 |     0 |    0 |    24 |    0 |     0 |    0 |     0 |
| X1Y4              |    2 |    24 |    0 |     0 |    0 |     0 |    0 |     0 |    0 |     0 |    0 |     0 |    0 |     0 |
| X2Y4              |    2 |    24 |    0 |     0 |    0 |     0 |    0 |     0 |    0 |     0 |    0 |     0 |    0 |     0 |
| X3Y4              |    2 |    24 |    0 |     0 |    0 |     0 |    0 |     0 |    0 |     0 |    0 |     0 |    0 |     0 |
| X4Y4              |    3 |    24 |    1 |    24 |    0 |     4 |    0 |     8 |    0 |     0 |    0 |     1 |    0 |     2 |
| X5Y4              |    2 |    24 |    0 |     4 |    0 |     0 |    0 |     0 |    1 |    24 |    0 |     0 |    0 |     0 |
| X0Y5              |    0 |    24 |    0 |     0 |    0 |     0 |    0 |     0 |    0 |    24 |    0 |     0 |    0 |     0 |
| X1Y5              |    2 |    24 |    0 |     0 |    0 |     0 |    0 |     0 |    0 |     0 |    0 |     0 |    0 |     0 |
| X2Y5              |    2 |    24 |    0 |     0 |    0 |     0 |    0 |     0 |    0 |     0 |    0 |     0 |    0 |     0 |
| X3Y5              |    2 |    24 |    0 |     0 |    0 |     0 |    0 |     0 |    0 |     0 |    0 |     0 |    0 |     0 |
| X4Y5              |    2 |    24 |    0 |    24 |    0 |     4 |    0 |     8 |    0 |     0 |    0 |     1 |    0 |     2 |
| X5Y5              |    2 |    24 |    0 |     4 |    0 |     0 |    0 |     0 |    0 |    24 |    0 |     0 |    0 |     0 |
| X0Y6              |    0 |    24 |    0 |     0 |    0 |     0 |    0 |     0 |    0 |    24 |    0 |     0 |    0 |     0 |
| X1Y6              |    0 |    24 |    0 |     0 |    0 |     0 |    0 |     0 |    0 |     0 |    0 |     0 |    0 |     0 |
| X2Y6              |    0 |    24 |    0 |     0 |    0 |     0 |    0 |     0 |    0 |     0 |    0 |     0 |    0 |     0 |
| X3Y6              |    2 |    24 |    0 |     0 |    0 |     0 |    0 |     0 |    0 |     0 |    0 |     0 |    0 |     0 |
| X4Y6              |    1 |    24 |    0 |    24 |    0 |     4 |    0 |     8 |    0 |     0 |    0 |     1 |    0 |     2 |
| X5Y6              |    1 |    24 |    0 |     4 |    0 |     0 |    0 |     0 |    0 |    24 |    0 |     0 |    0 |     0 |
| X0Y7              |    0 |    24 |    0 |     0 |    0 |     0 |    0 |     0 |    0 |    24 |    0 |     0 |    0 |     0 |
| X1Y7              |    0 |    24 |    0 |     0 |    0 |     0 |    0 |     0 |    0 |     0 |    0 |     0 |    0 |     0 |
| X2Y7              |    0 |    24 |    0 |     0 |    0 |     0 |    0 |     0 |    0 |     0 |    0 |     0 |    0 |     0 |
| X3Y7              |    1 |    24 |    0 |     0 |    0 |     0 |    0 |     0 |    0 |     0 |    0 |     0 |    0 |     0 |
| X4Y7              |    1 |    24 |    0 |    24 |    0 |     4 |    0 |     8 |    0 |     0 |    0 |     1 |    0 |     2 |
| X5Y7              |    1 |    24 |    0 |     4 |    0 |     0 |    0 |     0 |    0 |    24 |    0 |     0 |    0 |     0 |
+-------------------+------+-------+------+-------+------+-------+------+-------+------+-------+------+-------+------+-------+
* Global Clock column represents track count; while other columns represents cell counts


5. Clock Regions : Load Primitives
----------------------------------

+-------------------+------------------+------------------+------------------+------------------+------------------+------------------+------------------+------------------+
|                   |   Global Clock   |        FF        |      LUTRAM      |  Block RAM (18K) |       URAM       |        DSP       |        GT        |      HARD IP     |
+-------------------+--------+---------+--------+---------+--------+---------+--------+---------+--------+---------+--------+---------+--------+---------+--------+---------+
| Clock Region Name | Used   | Avail   | Used   | Avail   | Used   | Avail   | Used   | Avail   | Used   | Avail   | Used   | Avail   | Used   | Avail   | Used   | Avail   |
+-------------------+--------+---------+--------+---------+--------+---------+--------+---------+--------+---------+--------+---------+--------+---------+--------+---------+
| X0Y0              |      0 |       0 |      0 |       0 |      0 |       0 |      0 |       0 |      0 |       0 |      0 |       0 |      0 |       0 |      0 |       0 |
| X1Y0              |      0 |      24 |      0 |   15360 |      0 |    4320 |      0 |      48 |      0 |       0 |      0 |     120 |      0 |       0 |      0 |       0 |
| X2Y0              |      0 |      24 |      0 |   22080 |      0 |    4800 |      0 |      48 |      0 |       0 |      0 |      96 |      0 |       0 |      0 |       0 |
| X3Y0              |      1 |      24 |      0 |   19200 |      0 |    5280 |      0 |      48 |      0 |       0 |      0 |      96 |      0 |       0 |      0 |       0 |
| X4Y0              |      1 |      24 |      0 |   15360 |      0 |    4320 |      0 |      48 |      0 |       0 |      0 |     120 |      0 |       0 |      0 |       0 |
| X5Y0              |      1 |      24 |      0 |   21120 |      0 |    5280 |      0 |      48 |      0 |       0 |      0 |      72 |      0 |       0 |      0 |       0 |
| X0Y1              |      0 |       0 |      0 |       0 |      0 |       0 |      0 |       0 |      0 |       0 |      0 |       0 |      0 |       0 |      0 |       0 |
| X1Y1              |      0 |      24 |      0 |   15360 |      0 |    4320 |      0 |      48 |      0 |       0 |      0 |     120 |      0 |       0 |      0 |       0 |
| X2Y1              |      0 |      24 |      0 |   22080 |      0 |    4800 |      0 |      48 |      0 |       0 |      0 |      96 |      0 |       0 |      0 |       0 |
| X3Y1              |      1 |      24 |      0 |   19200 |      0 |    5280 |      0 |      48 |      0 |       0 |      0 |      96 |      0 |       0 |      0 |       0 |
| X4Y1              |      2 |      24 |      0 |   15360 |      0 |    4320 |      0 |      48 |      0 |       0 |      0 |     120 |      0 |       0 |      0 |       0 |
| X5Y1              |      2 |      24 |    159 |   21120 |      0 |    5280 |      0 |      48 |      0 |       0 |      0 |      72 |      0 |       0 |      0 |       0 |
| X0Y2              |      0 |       0 |      0 |       0 |      0 |       0 |      0 |       0 |      0 |       0 |      0 |       0 |      0 |       0 |      0 |       0 |
| X1Y2              |      0 |      24 |      0 |   15360 |      0 |    4320 |      0 |      48 |      0 |       0 |      0 |     120 |      0 |       0 |      0 |       0 |
| X2Y2              |      0 |      24 |      0 |   22080 |      0 |    4800 |      0 |      48 |      0 |       0 |      0 |      96 |      0 |       0 |      0 |       0 |
| X3Y2              |      2 |      24 |      0 |   19200 |      0 |    5280 |     14 |      48 |      0 |       0 |      0 |      96 |      0 |       0 |      0 |       0 |
| X4Y2              |      5 |      24 |    613 |   15360 |     47 |    4320 |     26 |      48 |      0 |       0 |      0 |     120 |      0 |       0 |      0 |       0 |
| X5Y2              |      4 |      24 |   1958 |   21120 |     84 |    5280 |     10 |      48 |      0 |       0 |      0 |      72 |      0 |       0 |      0 |       0 |
| X0Y3              |      0 |      24 |      0 |   20160 |      0 |    3840 |      0 |      48 |      0 |      16 |      0 |      48 |      0 |       4 |      0 |       1 |
| X1Y3              |      0 |      24 |      0 |   16320 |      0 |    4800 |      0 |      48 |      0 |       0 |      0 |     120 |      0 |       0 |      0 |       0 |
| X2Y3              |      0 |      24 |      0 |   22080 |      0 |    4800 |      0 |      48 |      0 |       0 |      0 |      96 |      0 |       0 |      0 |       0 |
| X3Y3              |      2 |      24 |      0 |   19200 |      0 |    5280 |     10 |      48 |      0 |       0 |      0 |      96 |      0 |       0 |      0 |       0 |
| X4Y3              |      5 |      24 |   1765 |   15360 |    190 |    4320 |     29 |      48 |      0 |       0 |      0 |     120 |      0 |       0 |      0 |       0 |
| X5Y3              |      4 |      24 |   6482 |   21120 |    927 |    5280 |     46 |      48 |      0 |       0 |      0 |      72 |      0 |       0 |      0 |       0 |
| X0Y4              |      0 |      24 |      0 |   20160 |      0 |    3840 |      0 |      48 |      0 |      16 |      0 |      48 |      0 |       4 |      0 |       1 |
| X1Y4              |      2 |      24 |     12 |   16320 |      0 |    4800 |      0 |      48 |      0 |       0 |      0 |     120 |      0 |       0 |      0 |       0 |
| X2Y4              |      2 |      24 |     16 |   22080 |      0 |    4800 |     18 |      48 |      0 |       0 |      0 |      96 |      0 |       0 |      0 |       0 |
| X3Y4              |      2 |      24 |     64 |   19200 |     15 |    5280 |     30 |      48 |      0 |       0 |      0 |      96 |      0 |       0 |      0 |       0 |
| X4Y4              |      3 |      24 |   7118 |   15360 |    701 |    4320 |     38 |      48 |      0 |       0 |      0 |     120 |      0 |       0 |      0 |       0 |
| X5Y4              |      2 |      24 |   7615 |   21120 |    866 |    5280 |     48 |      48 |      0 |       0 |      0 |      72 |      0 |       0 |      0 |       0 |
| X0Y5              |      0 |      24 |      0 |   20160 |      0 |    3840 |      0 |      48 |      0 |      16 |      0 |      48 |      0 |       4 |      0 |       1 |
| X1Y5              |      2 |      24 |      9 |   16320 |      0 |    4800 |      0 |      48 |      0 |       0 |      0 |     120 |      0 |       0 |      0 |       0 |
| X2Y5              |      2 |      24 |      0 |   22080 |      0 |    4800 |     10 |      48 |      0 |       0 |      0 |      96 |      0 |       0 |      0 |       0 |
| X3Y5              |      2 |      24 |      6 |   19200 |      0 |    5280 |      4 |      48 |      0 |       0 |      0 |      96 |      0 |       0 |      0 |       0 |
| X4Y5              |      2 |      24 |   1228 |   15360 |    231 |    4320 |     13 |      48 |      0 |       0 |      0 |     120 |      0 |       0 |      0 |       0 |
| X5Y5              |      2 |      24 |   2371 |   21120 |    239 |    5280 |     14 |      48 |      0 |       0 |      0 |      72 |      0 |       0 |      0 |       0 |
| X0Y6              |      0 |      24 |      0 |   20160 |      0 |    3840 |      0 |      48 |      0 |      16 |      0 |      48 |      0 |       4 |      0 |       1 |
| X1Y6              |      0 |      24 |      0 |   16320 |      0 |    4800 |      0 |      48 |      0 |       0 |      0 |     120 |      0 |       0 |      0 |       0 |
| X2Y6              |      0 |      24 |      0 |   22080 |      0 |    4800 |      0 |      48 |      0 |       0 |      0 |      96 |      0 |       0 |      0 |       0 |
| X3Y6              |      2 |      24 |      9 |   19200 |      0 |    5280 |      0 |      48 |      0 |       0 |      0 |      96 |      0 |       0 |      0 |       0 |
| X4Y6              |      1 |      24 |      0 |   15360 |      0 |    4320 |      0 |      48 |      0 |       0 |      0 |     120 |      0 |       0 |      0 |       0 |
| X5Y6              |      1 |      24 |      0 |   21120 |      0 |    5280 |      0 |      48 |      0 |       0 |      0 |      72 |      0 |       0 |      0 |       0 |
| X0Y7              |      0 |      24 |      0 |   20160 |      0 |    3840 |      0 |      48 |      0 |      16 |      0 |      48 |      0 |       4 |      0 |       1 |
| X1Y7              |      0 |      24 |      0 |   16320 |      0 |    4800 |      0 |      48 |      0 |       0 |      0 |     120 |      0 |       0 |      0 |       0 |
| X2Y7              |      0 |      24 |      0 |   22080 |      0 |    4800 |      0 |      48 |      0 |       0 |      0 |      96 |      0 |       0 |      0 |       0 |
| X3Y7              |      1 |      24 |      0 |   19200 |      0 |    5280 |      0 |      48 |      0 |       0 |      0 |      96 |      0 |       0 |      0 |       0 |
| X4Y7              |      1 |      24 |      0 |   15360 |      0 |    4320 |      0 |      48 |      0 |       0 |      0 |     120 |      0 |       0 |      0 |       0 |
| X5Y7              |      1 |      24 |      0 |   21120 |      0 |    5280 |      0 |      48 |      0 |       0 |      0 |      72 |      0 |       0 |      0 |       0 |
+-------------------+--------+---------+--------+---------+--------+---------+--------+---------+--------+---------+--------+---------+--------+---------+--------+---------+
* Global Clock column represents track count; while other columns represents cell counts


6. Clock Regions : Global Clock Summary
---------------------------------------

All Modules
+----+----+----+----+----+----+----+
|    | X0 | X1 | X2 | X3 | X4 | X5 |
+----+----+----+----+----+----+----+
| Y7 |  0 |  0 |  0 |  1 |  1 |  1 |
| Y6 |  0 |  0 |  0 |  2 |  1 |  1 |
| Y5 |  0 |  2 |  2 |  2 |  2 |  2 |
| Y4 |  0 |  2 |  2 |  2 |  3 |  2 |
| Y3 |  0 |  0 |  0 |  2 |  5 |  4 |
| Y2 |  0 |  0 |  0 |  2 |  5 |  4 |
| Y1 |  0 |  0 |  0 |  1 |  2 |  2 |
| Y0 |  0 |  0 |  0 |  1 |  1 |  1 |
+----+----+----+----+----+----+----+


7. Clock Regions : Routing Resource Utilization
-----------------------------------------------

All Modules
+-------------------+----------------------+----------------------+----------------------+----------------------+
|                   |        HROUTES       |        HDISTRS       |        VROUTES       |        VDISTRS       |
+-------------------+------+-------+-------+------+-------+-------+------+-------+-------+------+-------+-------+
| Clock Region Name | Used | Avail | Util% | Used | Avail | Util% | Used | Avail | Util% | Used | Avail | Util% |
+-------------------+------+-------+-------+------+-------+-------+------+-------+-------+------+-------+-------+
| X0Y0              |    0 |     0 |  0.00 |    0 |     0 |  0.00 |    0 |     0 |  0.00 |    0 |     0 |  0.00 |
| X1Y0              |    0 |    24 |  0.00 |    0 |    24 |  0.00 |    0 |    24 |  0.00 |    0 |    24 |  0.00 |
| X2Y0              |    0 |    24 |  0.00 |    0 |    24 |  0.00 |    0 |    24 |  0.00 |    0 |    24 |  0.00 |
| X3Y0              |    0 |    24 |  0.00 |    1 |    24 |  4.17 |    0 |    24 |  0.00 |    1 |    24 |  4.17 |
| X4Y0              |    0 |    24 |  0.00 |    1 |    24 |  4.17 |    0 |    24 |  0.00 |    0 |    24 |  0.00 |
| X5Y0              |    0 |    24 |  0.00 |    1 |    24 |  4.17 |    0 |    24 |  0.00 |    0 |    24 |  0.00 |
| X0Y1              |    0 |     0 |  0.00 |    0 |     0 |  0.00 |    0 |     0 |  0.00 |    0 |     0 |  0.00 |
| X1Y1              |    0 |    24 |  0.00 |    0 |    24 |  0.00 |    0 |    24 |  0.00 |    0 |    24 |  0.00 |
| X2Y1              |    0 |    24 |  0.00 |    0 |    24 |  0.00 |    0 |    24 |  0.00 |    0 |    24 |  0.00 |
| X3Y1              |    0 |    24 |  0.00 |    1 |    24 |  4.17 |    0 |    24 |  0.00 |    1 |    24 |  4.17 |
| X4Y1              |    0 |    24 |  0.00 |    2 |    24 |  8.33 |    0 |    24 |  0.00 |    1 |    24 |  4.17 |
| X5Y1              |    0 |    24 |  0.00 |    2 |    24 |  8.33 |    0 |    24 |  0.00 |    0 |    24 |  0.00 |
| X0Y2              |    0 |     0 |  0.00 |    0 |     0 |  0.00 |    0 |     0 |  0.00 |    0 |     0 |  0.00 |
| X1Y2              |    0 |    24 |  0.00 |    0 |    24 |  0.00 |    0 |    24 |  0.00 |    0 |    24 |  0.00 |
| X2Y2              |    0 |    24 |  0.00 |    0 |    24 |  0.00 |    0 |    24 |  0.00 |    0 |    24 |  0.00 |
| X3Y2              |    1 |    24 |  4.17 |    2 |    24 |  8.33 |    0 |    24 |  0.00 |    2 |    24 |  8.33 |
| X4Y2              |    1 |    24 |  4.17 |    5 |    24 | 20.83 |    1 |    24 |  4.17 |    3 |    24 | 12.50 |
| X5Y2              |    0 |    24 |  0.00 |    4 |    24 | 16.67 |    0 |    24 |  0.00 |    0 |    24 |  0.00 |
| X0Y3              |    0 |    24 |  0.00 |    0 |    24 |  0.00 |    0 |    24 |  0.00 |    0 |    24 |  0.00 |
| X1Y3              |    0 |    24 |  0.00 |    0 |    24 |  0.00 |    0 |    24 |  0.00 |    0 |    24 |  0.00 |
| X2Y3              |    0 |    24 |  0.00 |    0 |    24 |  0.00 |    0 |    24 |  0.00 |    0 |    24 |  0.00 |
| X3Y3              |    0 |    24 |  0.00 |    2 |    24 |  8.33 |    1 |    24 |  4.17 |    2 |    24 |  8.33 |
| X4Y3              |    0 |    24 |  0.00 |    4 |    24 | 16.67 |    1 |    24 |  4.17 |    3 |    24 | 12.50 |
| X5Y3              |    0 |    24 |  0.00 |    4 |    24 | 16.67 |    0 |    24 |  0.00 |    0 |    24 |  0.00 |
| X0Y4              |    0 |    24 |  0.00 |    0 |    24 |  0.00 |    0 |    24 |  0.00 |    0 |    24 |  0.00 |
| X1Y4              |    0 |    24 |  0.00 |    2 |    24 |  8.33 |    0 |    24 |  0.00 |    0 |    24 |  0.00 |
| X2Y4              |    0 |    24 |  0.00 |    2 |    24 |  8.33 |    0 |    24 |  0.00 |    0 |    24 |  0.00 |
| X3Y4              |    1 |    24 |  4.17 |    2 |    24 |  8.33 |    0 |    24 |  0.00 |    2 |    24 |  8.33 |
| X4Y4              |    2 |    24 |  8.33 |    3 |    24 | 12.50 |    1 |    24 |  4.17 |    0 |    24 |  0.00 |
| X5Y4              |    1 |    24 |  4.17 |    2 |    24 |  8.33 |    0 |    24 |  0.00 |    0 |    24 |  0.00 |
| X0Y5              |    0 |    24 |  0.00 |    0 |    24 |  0.00 |    0 |    24 |  0.00 |    0 |    24 |  0.00 |
| X1Y5              |    0 |    24 |  0.00 |    2 |    24 |  8.33 |    0 |    24 |  0.00 |    0 |    24 |  0.00 |
| X2Y5              |    0 |    24 |  0.00 |    2 |    24 |  8.33 |    0 |    24 |  0.00 |    0 |    24 |  0.00 |
| X3Y5              |    0 |    24 |  0.00 |    2 |    24 |  8.33 |    0 |    24 |  0.00 |    2 |    24 |  8.33 |
| X4Y5              |    0 |    24 |  0.00 |    2 |    24 |  8.33 |    0 |    24 |  0.00 |    0 |    24 |  0.00 |
| X5Y5              |    0 |    24 |  0.00 |    2 |    24 |  8.33 |    0 |    24 |  0.00 |    0 |    24 |  0.00 |
| X0Y6              |    0 |    24 |  0.00 |    0 |    24 |  0.00 |    0 |    24 |  0.00 |    0 |    24 |  0.00 |
| X1Y6              |    0 |    24 |  0.00 |    0 |    24 |  0.00 |    0 |    24 |  0.00 |    0 |    24 |  0.00 |
| X2Y6              |    0 |    24 |  0.00 |    0 |    24 |  0.00 |    0 |    24 |  0.00 |    0 |    24 |  0.00 |
| X3Y6              |    0 |    24 |  0.00 |    2 |    24 |  8.33 |    0 |    24 |  0.00 |    1 |    24 |  4.17 |
| X4Y6              |    0 |    24 |  0.00 |    1 |    24 |  4.17 |    0 |    24 |  0.00 |    0 |    24 |  0.00 |
| X5Y6              |    0 |    24 |  0.00 |    1 |    24 |  4.17 |    0 |    24 |  0.00 |    0 |    24 |  0.00 |
| X0Y7              |    0 |    24 |  0.00 |    0 |    24 |  0.00 |    0 |    24 |  0.00 |    0 |    24 |  0.00 |
| X1Y7              |    0 |    24 |  0.00 |    0 |    24 |  0.00 |    0 |    24 |  0.00 |    0 |    24 |  0.00 |
| X2Y7              |    0 |    24 |  0.00 |    0 |    24 |  0.00 |    0 |    24 |  0.00 |    0 |    24 |  0.00 |
| X3Y7              |    0 |    24 |  0.00 |    1 |    24 |  4.17 |    0 |    24 |  0.00 |    0 |    24 |  0.00 |
| X4Y7              |    0 |    24 |  0.00 |    1 |    24 |  4.17 |    0 |    24 |  0.00 |    0 |    24 |  0.00 |
| X5Y7              |    0 |    24 |  0.00 |    1 |    24 |  4.17 |    0 |    24 |  0.00 |    0 |    24 |  0.00 |
+-------------------+------+-------+-------+------+-------+-------+------+-------+-------+------+-------+-------+


8. Device Cell Placement Summary for Global Clock g0
----------------------------------------------------

+-----------+-----------------+-------------------+--------------------------------+-------------+---------------+----------+-------------+----------+----------------+----------+-------------------------------------+
| Global Id | Driver Type/Pin | Driver Region (D) | Clock                          | Period (ns) | Waveform (ns) | Root (R) | Slice Loads | IO Loads | Clocking Loads | GT Loads | Net                                 |
+-----------+-----------------+-------------------+--------------------------------+-------------+---------------+----------+-------------+----------+----------------+----------+-------------------------------------+
| g0        | BUFGCE/O        | X4Y2              | clk_out1_top_level_clk_wiz_1_0 |       9.999 | {0.000 4.999} | X3Y3     |       20823 |        0 |              0 |        0 | top_level_i/clk_wiz_1/inst/clk_out1 |
+-----------+-----------------+-------------------+--------------------------------+-------------+---------------+----------+-------------+----------+----------------+----------+-------------------------------------+
* Slice Loads column represents load cell count of all cell types other than IO, GT and clock resources
** IO Loads column represents load cell count of IO types
*** Clocking Loads column represents load cell count that are clock resources (global clock buffer, MMCM, PLL, etc)
**** GT Loads column represents load cell count of GT types


+----+----+----+-----+-------+----------+-------+
|    | X0 | X1 | X2  | X3    | X4       | X5    |
+----+----+----+-----+-------+----------+-------+
| Y7 |  0 |  0 |   0 |     0 |        0 |     1 |
| Y6 |  0 |  0 |   0 |     6 |        0 |     1 |
| Y5 |  0 |  3 |   5 |     2 |     1349 |  2314 |
| Y4 |  0 |  6 |  25 |    44 |     5585 |  2257 |
| Y3 |  0 |  0 |   0 | (R) 5 |     1734 |  5013 |
| Y2 |  0 |  0 |   0 |     7 |  (D) 572 |  1892 |
| Y1 |  0 |  0 |   0 |     0 |        0 |     1 |
| Y0 |  0 |  0 |   0 |     0 |        0 |     1 |
+----+----+----+-----+-------+----------+-------+


9. Device Cell Placement Summary for Global Clock g1
----------------------------------------------------

+-----------+-----------------+-------------------+------------+-------------+---------------+----------+-------------+----------+----------------+----------+------------------------------------------------------------------------------------------------------+
| Global Id | Driver Type/Pin | Driver Region (D) | Clock      | Period (ns) | Waveform (ns) | Root (R) | Slice Loads | IO Loads | Clocking Loads | GT Loads | Net                                                                                                  |
+-----------+-----------------+-------------------+------------+-------------+---------------+----------+-------------+----------+----------------+----------+------------------------------------------------------------------------------------------------------+
| g1        | BUFG_GT/O       | X5Y4              | RFDAC0_CLK |       4.000 | {0.000 2.000} | X3Y4     |       11436 |        0 |              0 |        0 | top_level_i/usp_rf_data_converter_0/inst/i_top_level_usp_rf_data_converter_0_0_bufg_gt_ctrl/clk_dac0 |
+-----------+-----------------+-------------------+------------+-------------+---------------+----------+-------------+----------+----------------+----------+------------------------------------------------------------------------------------------------------+
* Slice Loads column represents load cell count of all cell types other than IO, GT and clock resources
** IO Loads column represents load cell count of IO types
*** Clocking Loads column represents load cell count that are clock resources (global clock buffer, MMCM, PLL, etc)
**** GT Loads column represents load cell count of GT types


+----+----+----+----+--------+-------+-----------+
|    | X0 | X1 | X2 | X3     | X4    | X5        |
+----+----+----+----+--------+-------+-----------+
| Y7 |  0 |  0 |  0 |      0 |     0 |         0 |
| Y6 |  0 |  0 |  0 |      3 |     0 |         0 |
| Y5 |  0 |  6 |  5 |      7 |   118 |       308 |
| Y4 |  0 |  6 |  9 | (R) 67 |  1951 |  (D) 6267 |
| Y3 |  0 |  0 |  0 |      3 |   236 |      2416 |
| Y2 |  0 |  0 |  0 |      0 |    34 |         0 |
| Y1 |  0 |  0 |  0 |      0 |     0 |         0 |
| Y0 |  0 |  0 |  0 |      0 |     0 |         0 |
+----+----+----+----+--------+-------+-----------+


10. Device Cell Placement Summary for Global Clock g2
-----------------------------------------------------

+-----------+-----------------+-------------------+-----------------------------------------------------------------------------------------------------+-------------+----------------+----------+-------------+----------+----------------+----------+----------------------------------------+
| Global Id | Driver Type/Pin | Driver Region (D) | Clock                                                                                               | Period (ns) | Waveform (ns)  | Root (R) | Slice Loads | IO Loads | Clocking Loads | GT Loads | Net                                    |
+-----------+-----------------+-------------------+-----------------------------------------------------------------------------------------------------+-------------+----------------+----------+-------------+----------+----------------+----------+----------------------------------------+
| g2        | BUFGCE/O        | X4Y4              | dbg_hub/inst/BSCANID.u_xsdbm_id/SWITCH_N_EXT_BSCAN.bscan_inst/SERIES7_BSCAN.bscan_inst/INTERNAL_TCK |      50.000 | {0.000 25.000} | X4Y2     |         482 |        0 |              0 |        0 | dbg_hub/inst/BSCANID.u_xsdbm_id/itck_i |
+-----------+-----------------+-------------------+-----------------------------------------------------------------------------------------------------+-------------+----------------+----------+-------------+----------+----------------+----------+----------------------------------------+
* Slice Loads column represents load cell count of all cell types other than IO, GT and clock resources
** IO Loads column represents load cell count of IO types
*** Clocking Loads column represents load cell count that are clock resources (global clock buffer, MMCM, PLL, etc)
**** GT Loads column represents load cell count of GT types


+----+----+----+----+----+----------+------+
|    | X0 | X1 | X2 | X3 | X4       | X5   |
+----+----+----+----+----+----------+------+
| Y7 |  0 |  0 |  0 |  0 |        0 |    0 |
| Y6 |  0 |  0 |  0 |  0 |        0 |    0 |
| Y5 |  0 |  0 |  0 |  0 |        0 |    0 |
| Y4 |  0 |  0 |  0 |  0 |  (D) 322 |    0 |
| Y3 |  0 |  0 |  0 |  0 |        0 |    0 |
| Y2 |  0 |  0 |  0 |  0 |    (R) 0 |    1 |
| Y1 |  0 |  0 |  0 |  0 |        0 |  159 |
| Y0 |  0 |  0 |  0 |  0 |        0 |    0 |
+----+----+----+----+----+----------+------+


11. Device Cell Placement Summary for Global Clock g3
-----------------------------------------------------

+-----------+-----------------+-------------------+-----------------------------------------------------------+-------------+----------------+----------+-------------+----------+----------------+----------+----------------------------------------------------------------+
| Global Id | Driver Type/Pin | Driver Region (D) | Clock                                                     | Period (ns) | Waveform (ns)  | Root (R) | Slice Loads | IO Loads | Clocking Loads | GT Loads | Net                                                            |
+-----------+-----------------+-------------------+-----------------------------------------------------------+-------------+----------------+----------+-------------+----------+----------------+----------+----------------------------------------------------------------+
| g3        | BUFGCE/O        | X4Y3              | top_level_i/mdm_1/U0/Use_E2.BSCAN_I/Use_E2.BSCANE2_I/DRCK |      33.333 | {0.000 16.667} | X4Y3     |         250 |        0 |              0 |        0 | top_level_i/mdm_1/U0/No_Dbg_Reg_Access.BUFG_DRCK/Ext_JTAG_DRCK |
+-----------+-----------------+-------------------+-----------------------------------------------------------+-------------+----------------+----------+-------------+----------+----------------+----------+----------------------------------------------------------------+
* Slice Loads column represents load cell count of all cell types other than IO, GT and clock resources
** IO Loads column represents load cell count of IO types
*** Clocking Loads column represents load cell count that are clock resources (global clock buffer, MMCM, PLL, etc)
**** GT Loads column represents load cell count of GT types


+----+----+----+----+----+-----------+------+
|    | X0 | X1 | X2 | X3 | X4        | X5   |
+----+----+----+----+----+-----------+------+
| Y7 |  0 |  0 |  0 |  0 |         0 |    0 |
| Y6 |  0 |  0 |  0 |  0 |         0 |    0 |
| Y5 |  0 |  0 |  0 |  0 |         0 |    0 |
| Y4 |  0 |  0 |  0 |  0 |         0 |    0 |
| Y3 |  0 |  0 |  0 |  0 | (R) (D) 7 |   21 |
| Y2 |  0 |  0 |  0 |  0 |        67 |  155 |
| Y1 |  0 |  0 |  0 |  0 |         0 |    0 |
| Y0 |  0 |  0 |  0 |  0 |         0 |    0 |
+----+----+----+----+----+-----------+------+


12. Device Cell Placement Summary for Global Clock g4
-----------------------------------------------------

+-----------+-----------------+-------------------+-------+-------------+---------------+----------+-------------+----------+----------------+----------+---------------------------------------------------------+
| Global Id | Driver Type/Pin | Driver Region (D) | Clock | Period (ns) | Waveform (ns) | Root (R) | Slice Loads | IO Loads | Clocking Loads | GT Loads | Net                                                     |
+-----------+-----------------+-------------------+-------+-------------+---------------+----------+-------------+----------+----------------+----------+---------------------------------------------------------+
| g4        | BUFGCE/O        | X4Y3              |       |             |               | X4Y3     |        1108 |        0 |              0 |        0 | top_level_i/rst_clk_wiz_1_100M/U0/peripheral_aresetn[0] |
+-----------+-----------------+-------------------+-------+-------------+---------------+----------+-------------+----------+----------------+----------+---------------------------------------------------------+
* Slice Loads column represents load cell count of all cell types other than IO, GT and clock resources
** IO Loads column represents load cell count of IO types
*** Clocking Loads column represents load cell count that are clock resources (global clock buffer, MMCM, PLL, etc)
**** GT Loads column represents load cell count of GT types


+----+----+----+----+----+-----------+------+
|    | X0 | X1 | X2 | X3 | X4        | X5   |
+----+----+----+----+----+-----------+------+
| Y7 |  0 |  0 |  0 |  0 |         0 |    0 |
| Y6 |  0 |  0 |  0 |  0 |         0 |    0 |
| Y5 |  0 |  0 |  0 |  0 |         0 |    0 |
| Y4 |  0 |  0 |  0 |  0 |         0 |    0 |
| Y3 |  0 |  0 |  0 |  0 | (R) (D) 0 |  534 |
| Y2 |  0 |  0 |  0 |  0 |         0 |  574 |
| Y1 |  0 |  0 |  0 |  0 |         0 |    0 |
| Y0 |  0 |  0 |  0 |  0 |         0 |    0 |
+----+----+----+----+----+-----------+------+


13. Clock Region Cell Placement per Global Clock: Region X3Y0
-------------------------------------------------------------

+-----------+-------+-----------------+------------+-------------+-----------------+----+--------+------+------+-----+----+------+-----+---------+-------------------------------------+
| Global Id | Track | Driver Type/Pin | Constraint | Clock Loads | Non-Clock Loads | FF | LUTRAM | RAMB | URAM | DSP | GT | MMCM | PLL | Hard IP | Net                                 |
+-----------+-------+-----------------+------------+-------------+-----------------+----+--------+------+------+-----+----+------+-----+---------+-------------------------------------+
| g0+       | 2     | BUFGCE/O        | None       |           0 |               0 |  0 |      0 |    0 |    0 |   0 |  0 |    0 |   0 |       0 | top_level_i/clk_wiz_1/inst/clk_out1 |
+-----------+-------+-----------------+------------+-------------+-----------------+----+--------+------+------+-----+----+------+-----+---------+-------------------------------------+
* Clock Loads column represents the clock pin loads (pin count)
** Non-Clock Loads column represents the non-clock pin loads (pin count)
*** Columns FF, LUTRAM, RAMB through 'Hard IP' represents load cell counts
**** In Global Id column, sympbol '+' indicates that global clock was used only to route through the clock region.


14. Clock Region Cell Placement per Global Clock: Region X4Y0
-------------------------------------------------------------

+-----------+-------+-----------------+------------+-------------+-----------------+----+--------+------+------+-----+----+------+-----+---------+-------------------------------------+
| Global Id | Track | Driver Type/Pin | Constraint | Clock Loads | Non-Clock Loads | FF | LUTRAM | RAMB | URAM | DSP | GT | MMCM | PLL | Hard IP | Net                                 |
+-----------+-------+-----------------+------------+-------------+-----------------+----+--------+------+------+-----+----+------+-----+---------+-------------------------------------+
| g0+       | 2     | BUFGCE/O        | None       |           0 |               0 |  0 |      0 |    0 |    0 |   0 |  0 |    0 |   0 |       0 | top_level_i/clk_wiz_1/inst/clk_out1 |
+-----------+-------+-----------------+------------+-------------+-----------------+----+--------+------+------+-----+----+------+-----+---------+-------------------------------------+
* Clock Loads column represents the clock pin loads (pin count)
** Non-Clock Loads column represents the non-clock pin loads (pin count)
*** Columns FF, LUTRAM, RAMB through 'Hard IP' represents load cell counts
**** In Global Id column, sympbol '+' indicates that global clock was used only to route through the clock region.


15. Clock Region Cell Placement per Global Clock: Region X5Y0
-------------------------------------------------------------

+-----------+-------+-----------------+------------+-------------+-----------------+----+--------+------+------+-----+----+------+-----+---------+-------------------------------------+
| Global Id | Track | Driver Type/Pin | Constraint | Clock Loads | Non-Clock Loads | FF | LUTRAM | RAMB | URAM | DSP | GT | MMCM | PLL | Hard IP | Net                                 |
+-----------+-------+-----------------+------------+-------------+-----------------+----+--------+------+------+-----+----+------+-----+---------+-------------------------------------+
| g0        | 2     | BUFGCE/O        | None       |           1 |               0 |  0 |      0 |    0 |    0 |   0 |  0 |    0 |   0 |       0 | top_level_i/clk_wiz_1/inst/clk_out1 |
+-----------+-------+-----------------+------------+-------------+-----------------+----+--------+------+------+-----+----+------+-----+---------+-------------------------------------+
* Clock Loads column represents the clock pin loads (pin count)
** Non-Clock Loads column represents the non-clock pin loads (pin count)
*** Columns FF, LUTRAM, RAMB through 'Hard IP' represents load cell counts


16. Clock Region Cell Placement per Global Clock: Region X3Y1
-------------------------------------------------------------

+-----------+-------+-----------------+------------+-------------+-----------------+----+--------+------+------+-----+----+------+-----+---------+-------------------------------------+
| Global Id | Track | Driver Type/Pin | Constraint | Clock Loads | Non-Clock Loads | FF | LUTRAM | RAMB | URAM | DSP | GT | MMCM | PLL | Hard IP | Net                                 |
+-----------+-------+-----------------+------------+-------------+-----------------+----+--------+------+------+-----+----+------+-----+---------+-------------------------------------+
| g0+       | 2     | BUFGCE/O        | None       |           0 |               0 |  0 |      0 |    0 |    0 |   0 |  0 |    0 |   0 |       0 | top_level_i/clk_wiz_1/inst/clk_out1 |
+-----------+-------+-----------------+------------+-------------+-----------------+----+--------+------+------+-----+----+------+-----+---------+-------------------------------------+
* Clock Loads column represents the clock pin loads (pin count)
** Non-Clock Loads column represents the non-clock pin loads (pin count)
*** Columns FF, LUTRAM, RAMB through 'Hard IP' represents load cell counts
**** In Global Id column, sympbol '+' indicates that global clock was used only to route through the clock region.


17. Clock Region Cell Placement per Global Clock: Region X4Y1
-------------------------------------------------------------

+-----------+-------+-----------------+------------+-------------+-----------------+----+--------+------+------+-----+----+------+-----+---------+----------------------------------------+
| Global Id | Track | Driver Type/Pin | Constraint | Clock Loads | Non-Clock Loads | FF | LUTRAM | RAMB | URAM | DSP | GT | MMCM | PLL | Hard IP | Net                                    |
+-----------+-------+-----------------+------------+-------------+-----------------+----+--------+------+------+-----+----+------+-----+---------+----------------------------------------+
| g0+       | 2     | BUFGCE/O        | None       |           0 |               0 |  0 |      0 |    0 |    0 |   0 |  0 |    0 |   0 |       0 | top_level_i/clk_wiz_1/inst/clk_out1    |
| g2+       | 8     | BUFGCE/O        | None       |           0 |               0 |  0 |      0 |    0 |    0 |   0 |  0 |    0 |   0 |       0 | dbg_hub/inst/BSCANID.u_xsdbm_id/itck_i |
+-----------+-------+-----------------+------------+-------------+-----------------+----+--------+------+------+-----+----+------+-----+---------+----------------------------------------+
* Clock Loads column represents the clock pin loads (pin count)
** Non-Clock Loads column represents the non-clock pin loads (pin count)
*** Columns FF, LUTRAM, RAMB through 'Hard IP' represents load cell counts
**** In Global Id column, sympbol '+' indicates that global clock was used only to route through the clock region.


18. Clock Region Cell Placement per Global Clock: Region X5Y1
-------------------------------------------------------------

+-----------+-------+-----------------+------------+-------------+-----------------+-----+--------+------+------+-----+----+------+-----+---------+----------------------------------------+
| Global Id | Track | Driver Type/Pin | Constraint | Clock Loads | Non-Clock Loads | FF  | LUTRAM | RAMB | URAM | DSP | GT | MMCM | PLL | Hard IP | Net                                    |
+-----------+-------+-----------------+------------+-------------+-----------------+-----+--------+------+------+-----+----+------+-----+---------+----------------------------------------+
| g0        | 2     | BUFGCE/O        | None       |           1 |               0 |   0 |      0 |    0 |    0 |   0 |  0 |    0 |   0 |       0 | top_level_i/clk_wiz_1/inst/clk_out1    |
| g2        | 8     | BUFGCE/O        | None       |         159 |               0 | 159 |      0 |    0 |    0 |   0 |  0 |    0 |   0 |       0 | dbg_hub/inst/BSCANID.u_xsdbm_id/itck_i |
+-----------+-------+-----------------+------------+-------------+-----------------+-----+--------+------+------+-----+----+------+-----+---------+----------------------------------------+
* Clock Loads column represents the clock pin loads (pin count)
** Non-Clock Loads column represents the non-clock pin loads (pin count)
*** Columns FF, LUTRAM, RAMB through 'Hard IP' represents load cell counts


19. Clock Region Cell Placement per Global Clock: Region X3Y2
-------------------------------------------------------------

+-----------+-------+-----------------+------------+-------------+-----------------+----+--------+------+------+-----+----+------+-----+---------+------------------------------------------------------------------------------------------------------+
| Global Id | Track | Driver Type/Pin | Constraint | Clock Loads | Non-Clock Loads | FF | LUTRAM | RAMB | URAM | DSP | GT | MMCM | PLL | Hard IP | Net                                                                                                  |
+-----------+-------+-----------------+------------+-------------+-----------------+----+--------+------+------+-----+----+------+-----+---------+------------------------------------------------------------------------------------------------------+
| g0        | 2     | BUFGCE/O        | None       |           7 |               0 |  0 |      0 |    7 |    0 |   0 |  0 |    0 |   0 |       0 | top_level_i/clk_wiz_1/inst/clk_out1                                                                  |
| g1+       | 5     | BUFG_GT/O       | None       |           0 |               0 |  0 |      0 |    0 |    0 |   0 |  0 |    0 |   0 |       0 | top_level_i/usp_rf_data_converter_0/inst/i_top_level_usp_rf_data_converter_0_0_bufg_gt_ctrl/clk_dac0 |
+-----------+-------+-----------------+------------+-------------+-----------------+----+--------+------+------+-----+----+------+-----+---------+------------------------------------------------------------------------------------------------------+
* Clock Loads column represents the clock pin loads (pin count)
** Non-Clock Loads column represents the non-clock pin loads (pin count)
*** Columns FF, LUTRAM, RAMB through 'Hard IP' represents load cell counts
**** In Global Id column, sympbol '+' indicates that global clock was used only to route through the clock region.


20. Clock Region Cell Placement per Global Clock: Region X4Y2
-------------------------------------------------------------

+-----------+-------+-----------------+------------+-------------+-----------------+-----+--------+------+------+-----+----+------+-----+---------+------------------------------------------------------------------------------------------------------+
| Global Id | Track | Driver Type/Pin | Constraint | Clock Loads | Non-Clock Loads | FF  | LUTRAM | RAMB | URAM | DSP | GT | MMCM | PLL | Hard IP | Net                                                                                                  |
+-----------+-------+-----------------+------------+-------------+-----------------+-----+--------+------+------+-----+----+------+-----+---------+------------------------------------------------------------------------------------------------------+
| g0        | 2     | BUFGCE/O        | None       |         572 |               0 | 515 |     44 |   13 |    0 |   0 |  0 |    0 |   0 |       0 | top_level_i/clk_wiz_1/inst/clk_out1                                                                  |
| g1        | 5     | BUFG_GT/O       | None       |          34 |               0 |  33 |      1 |    0 |    0 |   0 |  0 |    0 |   0 |       0 | top_level_i/usp_rf_data_converter_0/inst/i_top_level_usp_rf_data_converter_0_0_bufg_gt_ctrl/clk_dac0 |
| g2+       | 8     | BUFGCE/O        | None       |           0 |               0 |   0 |      0 |    0 |    0 |   0 |  0 |    0 |   0 |       0 | dbg_hub/inst/BSCANID.u_xsdbm_id/itck_i                                                               |
| g3        | 14    | BUFGCE/O        | None       |          67 |               0 |  65 |      2 |    0 |    0 |   0 |  0 |    0 |   0 |       0 | top_level_i/mdm_1/U0/No_Dbg_Reg_Access.BUFG_DRCK/Ext_JTAG_DRCK                                       |
| g4+       | 20    | BUFGCE/O        | None       |           0 |               0 |   0 |      0 |    0 |    0 |   0 |  0 |    0 |   0 |       0 | top_level_i/rst_clk_wiz_1_100M/U0/peripheral_aresetn[0]                                              |
+-----------+-------+-----------------+------------+-------------+-----------------+-----+--------+------+------+-----+----+------+-----+---------+------------------------------------------------------------------------------------------------------+
* Clock Loads column represents the clock pin loads (pin count)
** Non-Clock Loads column represents the non-clock pin loads (pin count)
*** Columns FF, LUTRAM, RAMB through 'Hard IP' represents load cell counts
**** In Global Id column, sympbol '+' indicates that global clock was used only to route through the clock region.


21. Clock Region Cell Placement per Global Clock: Region X5Y2
-------------------------------------------------------------

+-----------+-------+-----------------+------------+-------------+-----------------+------+--------+------+------+-----+----+------+-----+---------+----------------------------------------------------------------+
| Global Id | Track | Driver Type/Pin | Constraint | Clock Loads | Non-Clock Loads | FF   | LUTRAM | RAMB | URAM | DSP | GT | MMCM | PLL | Hard IP | Net                                                            |
+-----------+-------+-----------------+------------+-------------+-----------------+------+--------+------+------+-----+----+------+-----+---------+----------------------------------------------------------------+
| g0        | 2     | BUFGCE/O        | None       |        1892 |               0 | 1820 |     66 |    5 |    0 |   0 |  0 |    0 |   0 |       0 | top_level_i/clk_wiz_1/inst/clk_out1                            |
| g2        | 8     | BUFGCE/O        | None       |           1 |               0 |    1 |      0 |    0 |    0 |   0 |  0 |    0 |   0 |       0 | dbg_hub/inst/BSCANID.u_xsdbm_id/itck_i                         |
| g3        | 14    | BUFGCE/O        | None       |         155 |               0 |  137 |     18 |    0 |    0 |   0 |  0 |    0 |   0 |       0 | top_level_i/mdm_1/U0/No_Dbg_Reg_Access.BUFG_DRCK/Ext_JTAG_DRCK |
| g4        | 20    | BUFGCE/O        | None       |           0 |             574 |  574 |      0 |    0 |    0 |   0 |  0 |    0 |   0 |       0 | top_level_i/rst_clk_wiz_1_100M/U0/peripheral_aresetn[0]        |
+-----------+-------+-----------------+------------+-------------+-----------------+------+--------+------+------+-----+----+------+-----+---------+----------------------------------------------------------------+
* Clock Loads column represents the clock pin loads (pin count)
** Non-Clock Loads column represents the non-clock pin loads (pin count)
*** Columns FF, LUTRAM, RAMB through 'Hard IP' represents load cell counts


22. Clock Region Cell Placement per Global Clock: Region X3Y3
-------------------------------------------------------------

+-----------+-------+-----------------+------------+-------------+-----------------+----+--------+------+------+-----+----+------+-----+---------+------------------------------------------------------------------------------------------------------+
| Global Id | Track | Driver Type/Pin | Constraint | Clock Loads | Non-Clock Loads | FF | LUTRAM | RAMB | URAM | DSP | GT | MMCM | PLL | Hard IP | Net                                                                                                  |
+-----------+-------+-----------------+------------+-------------+-----------------+----+--------+------+------+-----+----+------+-----+---------+------------------------------------------------------------------------------------------------------+
| g0        | 2     | BUFGCE/O        | None       |           5 |               0 |  0 |      0 |    5 |    0 |   0 |  0 |    0 |   0 |       0 | top_level_i/clk_wiz_1/inst/clk_out1                                                                  |
| g1        | 5     | BUFG_GT/O       | None       |           3 |               0 |  0 |      0 |    3 |    0 |   0 |  0 |    0 |   0 |       0 | top_level_i/usp_rf_data_converter_0/inst/i_top_level_usp_rf_data_converter_0_0_bufg_gt_ctrl/clk_dac0 |
+-----------+-------+-----------------+------------+-------------+-----------------+----+--------+------+------+-----+----+------+-----+---------+------------------------------------------------------------------------------------------------------+
* Clock Loads column represents the clock pin loads (pin count)
** Non-Clock Loads column represents the non-clock pin loads (pin count)
*** Columns FF, LUTRAM, RAMB through 'Hard IP' represents load cell counts


23. Clock Region Cell Placement per Global Clock: Region X4Y3
-------------------------------------------------------------

+-----------+-------+-----------------+------------+-------------+-----------------+------+--------+------+------+-----+----+------+-----+---------+------------------------------------------------------------------------------------------------------+
| Global Id | Track | Driver Type/Pin | Constraint | Clock Loads | Non-Clock Loads | FF   | LUTRAM | RAMB | URAM | DSP | GT | MMCM | PLL | Hard IP | Net                                                                                                  |
+-----------+-------+-----------------+------------+-------------+-----------------+------+--------+------+------+-----+----+------+-----+---------+------------------------------------------------------------------------------------------------------+
| g0        | 2     | BUFGCE/O        | None       |        1734 |               0 | 1625 |     94 |   15 |    0 |   0 |  0 |    0 |   0 |       0 | top_level_i/clk_wiz_1/inst/clk_out1                                                                  |
| g1        | 5     | BUFG_GT/O       | None       |         236 |               0 |  135 |     94 |    7 |    0 |   0 |  0 |    0 |   0 |       0 | top_level_i/usp_rf_data_converter_0/inst/i_top_level_usp_rf_data_converter_0_0_bufg_gt_ctrl/clk_dac0 |
| g2+       | 8     | BUFGCE/O        | None       |           0 |               0 |    0 |      0 |    0 |    0 |   0 |  0 |    0 |   0 |       0 | dbg_hub/inst/BSCANID.u_xsdbm_id/itck_i                                                               |
| g3        | 14    | BUFGCE/O        | None       |           7 |               0 |    5 |      2 |    0 |    0 |   0 |  0 |    0 |   0 |       0 | top_level_i/mdm_1/U0/No_Dbg_Reg_Access.BUFG_DRCK/Ext_JTAG_DRCK                                       |
| g4+       | 20    | BUFGCE/O        | None       |           0 |               0 |    0 |      0 |    0 |    0 |   0 |  0 |    0 |   0 |       0 | top_level_i/rst_clk_wiz_1_100M/U0/peripheral_aresetn[0]                                              |
+-----------+-------+-----------------+------------+-------------+-----------------+------+--------+------+------+-----+----+------+-----+---------+------------------------------------------------------------------------------------------------------+
* Clock Loads column represents the clock pin loads (pin count)
** Non-Clock Loads column represents the non-clock pin loads (pin count)
*** Columns FF, LUTRAM, RAMB through 'Hard IP' represents load cell counts
**** In Global Id column, sympbol '+' indicates that global clock was used only to route through the clock region.


24. Clock Region Cell Placement per Global Clock: Region X5Y3
-------------------------------------------------------------

+-----------+-------+-----------------+------------+-------------+-----------------+------+--------+------+------+-----+----+------+-----+---------+------------------------------------------------------------------------------------------------------+
| Global Id | Track | Driver Type/Pin | Constraint | Clock Loads | Non-Clock Loads | FF   | LUTRAM | RAMB | URAM | DSP | GT | MMCM | PLL | Hard IP | Net                                                                                                  |
+-----------+-------+-----------------+------------+-------------+-----------------+------+--------+------+------+-----+----+------+-----+---------+------------------------------------------------------------------------------------------------------+
| g0        | 2     | BUFGCE/O        | None       |        5013 |               0 | 4703 |    286 |   23 |    0 |   0 |  0 |    0 |   0 |       0 | top_level_i/clk_wiz_1/inst/clk_out1                                                                  |
| g1        | 5     | BUFG_GT/O       | None       |        2416 |               0 | 1759 |    640 |   17 |    0 |   0 |  0 |    0 |   0 |       0 | top_level_i/usp_rf_data_converter_0/inst/i_top_level_usp_rf_data_converter_0_0_bufg_gt_ctrl/clk_dac0 |
| g3        | 14    | BUFGCE/O        | None       |          21 |               0 |   20 |      1 |    0 |    0 |   0 |  0 |    0 |   0 |       0 | top_level_i/mdm_1/U0/No_Dbg_Reg_Access.BUFG_DRCK/Ext_JTAG_DRCK                                       |
| g4        | 20    | BUFGCE/O        | None       |           0 |             534 |  534 |      0 |    0 |    0 |   0 |  0 |    0 |   0 |       0 | top_level_i/rst_clk_wiz_1_100M/U0/peripheral_aresetn[0]                                              |
+-----------+-------+-----------------+------------+-------------+-----------------+------+--------+------+------+-----+----+------+-----+---------+------------------------------------------------------------------------------------------------------+
* Clock Loads column represents the clock pin loads (pin count)
** Non-Clock Loads column represents the non-clock pin loads (pin count)
*** Columns FF, LUTRAM, RAMB through 'Hard IP' represents load cell counts


25. Clock Region Cell Placement per Global Clock: Region X1Y4
-------------------------------------------------------------

+-----------+-------+-----------------+------------+-------------+-----------------+----+--------+------+------+-----+----+------+-----+---------+------------------------------------------------------------------------------------------------------+
| Global Id | Track | Driver Type/Pin | Constraint | Clock Loads | Non-Clock Loads | FF | LUTRAM | RAMB | URAM | DSP | GT | MMCM | PLL | Hard IP | Net                                                                                                  |
+-----------+-------+-----------------+------------+-------------+-----------------+----+--------+------+------+-----+----+------+-----+---------+------------------------------------------------------------------------------------------------------+
| g0        | 2     | BUFGCE/O        | None       |           6 |               0 |  6 |      0 |    0 |    0 |   0 |  0 |    0 |   0 |       0 | top_level_i/clk_wiz_1/inst/clk_out1                                                                  |
| g1        | 5     | BUFG_GT/O       | None       |           6 |               0 |  6 |      0 |    0 |    0 |   0 |  0 |    0 |   0 |       0 | top_level_i/usp_rf_data_converter_0/inst/i_top_level_usp_rf_data_converter_0_0_bufg_gt_ctrl/clk_dac0 |
+-----------+-------+-----------------+------------+-------------+-----------------+----+--------+------+------+-----+----+------+-----+---------+------------------------------------------------------------------------------------------------------+
* Clock Loads column represents the clock pin loads (pin count)
** Non-Clock Loads column represents the non-clock pin loads (pin count)
*** Columns FF, LUTRAM, RAMB through 'Hard IP' represents load cell counts


26. Clock Region Cell Placement per Global Clock: Region X2Y4
-------------------------------------------------------------

+-----------+-------+-----------------+------------+-------------+-----------------+----+--------+------+------+-----+----+------+-----+---------+------------------------------------------------------------------------------------------------------+
| Global Id | Track | Driver Type/Pin | Constraint | Clock Loads | Non-Clock Loads | FF | LUTRAM | RAMB | URAM | DSP | GT | MMCM | PLL | Hard IP | Net                                                                                                  |
+-----------+-------+-----------------+------------+-------------+-----------------+----+--------+------+------+-----+----+------+-----+---------+------------------------------------------------------------------------------------------------------+
| g0        | 2     | BUFGCE/O        | None       |          25 |               0 | 16 |      0 |    9 |    0 |   0 |  0 |    0 |   0 |       0 | top_level_i/clk_wiz_1/inst/clk_out1                                                                  |
| g1        | 5     | BUFG_GT/O       | None       |           9 |               0 |  0 |      0 |    9 |    0 |   0 |  0 |    0 |   0 |       0 | top_level_i/usp_rf_data_converter_0/inst/i_top_level_usp_rf_data_converter_0_0_bufg_gt_ctrl/clk_dac0 |
+-----------+-------+-----------------+------------+-------------+-----------------+----+--------+------+------+-----+----+------+-----+---------+------------------------------------------------------------------------------------------------------+
* Clock Loads column represents the clock pin loads (pin count)
** Non-Clock Loads column represents the non-clock pin loads (pin count)
*** Columns FF, LUTRAM, RAMB through 'Hard IP' represents load cell counts


27. Clock Region Cell Placement per Global Clock: Region X3Y4
-------------------------------------------------------------

+-----------+-------+-----------------+------------+-------------+-----------------+----+--------+------+------+-----+----+------+-----+---------+------------------------------------------------------------------------------------------------------+
| Global Id | Track | Driver Type/Pin | Constraint | Clock Loads | Non-Clock Loads | FF | LUTRAM | RAMB | URAM | DSP | GT | MMCM | PLL | Hard IP | Net                                                                                                  |
+-----------+-------+-----------------+------------+-------------+-----------------+----+--------+------+------+-----+----+------+-----+---------+------------------------------------------------------------------------------------------------------+
| g0        | 2     | BUFGCE/O        | None       |          44 |               0 | 27 |      1 |   16 |    0 |   0 |  0 |    0 |   0 |       0 | top_level_i/clk_wiz_1/inst/clk_out1                                                                  |
| g1        | 5     | BUFG_GT/O       | None       |          67 |               0 | 37 |     14 |   16 |    0 |   0 |  0 |    0 |   0 |       0 | top_level_i/usp_rf_data_converter_0/inst/i_top_level_usp_rf_data_converter_0_0_bufg_gt_ctrl/clk_dac0 |
+-----------+-------+-----------------+------------+-------------+-----------------+----+--------+------+------+-----+----+------+-----+---------+------------------------------------------------------------------------------------------------------+
* Clock Loads column represents the clock pin loads (pin count)
** Non-Clock Loads column represents the non-clock pin loads (pin count)
*** Columns FF, LUTRAM, RAMB through 'Hard IP' represents load cell counts


28. Clock Region Cell Placement per Global Clock: Region X4Y4
-------------------------------------------------------------

+-----------+-------+-----------------+------------+-------------+-----------------+------+--------+------+------+-----+----+------+-----+---------+------------------------------------------------------------------------------------------------------+
| Global Id | Track | Driver Type/Pin | Constraint | Clock Loads | Non-Clock Loads | FF   | LUTRAM | RAMB | URAM | DSP | GT | MMCM | PLL | Hard IP | Net                                                                                                  |
+-----------+-------+-----------------+------------+-------------+-----------------+------+--------+------+------+-----+----+------+-----+---------+------------------------------------------------------------------------------------------------------+
| g0        | 2     | BUFGCE/O        | None       |        5585 |               0 | 5424 |    141 |   20 |    0 |   0 |  0 |    0 |   0 |       0 | top_level_i/clk_wiz_1/inst/clk_out1                                                                  |
| g1        | 5     | BUFG_GT/O       | None       |        1951 |               0 | 1372 |    560 |   19 |    0 |   0 |  0 |    0 |   0 |       0 | top_level_i/usp_rf_data_converter_0/inst/i_top_level_usp_rf_data_converter_0_0_bufg_gt_ctrl/clk_dac0 |
| g2        | 8     | BUFGCE/O        | None       |         322 |               0 |  322 |      0 |    0 |    0 |   0 |  0 |    0 |   0 |       0 | dbg_hub/inst/BSCANID.u_xsdbm_id/itck_i                                                               |
+-----------+-------+-----------------+------------+-------------+-----------------+------+--------+------+------+-----+----+------+-----+---------+------------------------------------------------------------------------------------------------------+
* Clock Loads column represents the clock pin loads (pin count)
** Non-Clock Loads column represents the non-clock pin loads (pin count)
*** Columns FF, LUTRAM, RAMB through 'Hard IP' represents load cell counts


29. Clock Region Cell Placement per Global Clock: Region X5Y4
-------------------------------------------------------------

+-----------+-------+-----------------+------------+-------------+-----------------+------+--------+------+------+-----+----+------+-----+---------+------------------------------------------------------------------------------------------------------+
| Global Id | Track | Driver Type/Pin | Constraint | Clock Loads | Non-Clock Loads | FF   | LUTRAM | RAMB | URAM | DSP | GT | MMCM | PLL | Hard IP | Net                                                                                                  |
+-----------+-------+-----------------+------------+-------------+-----------------+------+--------+------+------+-----+----+------+-----+---------+------------------------------------------------------------------------------------------------------+
| g0        | 2     | BUFGCE/O        | None       |        2257 |               0 | 2189 |     50 |   17 |    0 |   0 |  0 |    0 |   0 |       0 | top_level_i/clk_wiz_1/inst/clk_out1                                                                  |
| g1        | 5     | BUFG_GT/O       | None       |        6267 |               0 | 5426 |    816 |   24 |    0 |   0 |  0 |    0 |   0 |       0 | top_level_i/usp_rf_data_converter_0/inst/i_top_level_usp_rf_data_converter_0_0_bufg_gt_ctrl/clk_dac0 |
+-----------+-------+-----------------+------------+-------------+-----------------+------+--------+------+------+-----+----+------+-----+---------+------------------------------------------------------------------------------------------------------+
* Clock Loads column represents the clock pin loads (pin count)
** Non-Clock Loads column represents the non-clock pin loads (pin count)
*** Columns FF, LUTRAM, RAMB through 'Hard IP' represents load cell counts


30. Clock Region Cell Placement per Global Clock: Region X1Y5
-------------------------------------------------------------

+-----------+-------+-----------------+------------+-------------+-----------------+----+--------+------+------+-----+----+------+-----+---------+------------------------------------------------------------------------------------------------------+
| Global Id | Track | Driver Type/Pin | Constraint | Clock Loads | Non-Clock Loads | FF | LUTRAM | RAMB | URAM | DSP | GT | MMCM | PLL | Hard IP | Net                                                                                                  |
+-----------+-------+-----------------+------------+-------------+-----------------+----+--------+------+------+-----+----+------+-----+---------+------------------------------------------------------------------------------------------------------+
| g0        | 2     | BUFGCE/O        | None       |           3 |               0 |  3 |      0 |    0 |    0 |   0 |  0 |    0 |   0 |       0 | top_level_i/clk_wiz_1/inst/clk_out1                                                                  |
| g1        | 5     | BUFG_GT/O       | None       |           6 |               0 |  6 |      0 |    0 |    0 |   0 |  0 |    0 |   0 |       0 | top_level_i/usp_rf_data_converter_0/inst/i_top_level_usp_rf_data_converter_0_0_bufg_gt_ctrl/clk_dac0 |
+-----------+-------+-----------------+------------+-------------+-----------------+----+--------+------+------+-----+----+------+-----+---------+------------------------------------------------------------------------------------------------------+
* Clock Loads column represents the clock pin loads (pin count)
** Non-Clock Loads column represents the non-clock pin loads (pin count)
*** Columns FF, LUTRAM, RAMB through 'Hard IP' represents load cell counts


31. Clock Region Cell Placement per Global Clock: Region X2Y5
-------------------------------------------------------------

+-----------+-------+-----------------+------------+-------------+-----------------+----+--------+------+------+-----+----+------+-----+---------+------------------------------------------------------------------------------------------------------+
| Global Id | Track | Driver Type/Pin | Constraint | Clock Loads | Non-Clock Loads | FF | LUTRAM | RAMB | URAM | DSP | GT | MMCM | PLL | Hard IP | Net                                                                                                  |
+-----------+-------+-----------------+------------+-------------+-----------------+----+--------+------+------+-----+----+------+-----+---------+------------------------------------------------------------------------------------------------------+
| g0        | 2     | BUFGCE/O        | None       |           5 |               0 |  0 |      0 |    5 |    0 |   0 |  0 |    0 |   0 |       0 | top_level_i/clk_wiz_1/inst/clk_out1                                                                  |
| g1        | 5     | BUFG_GT/O       | None       |           5 |               0 |  0 |      0 |    5 |    0 |   0 |  0 |    0 |   0 |       0 | top_level_i/usp_rf_data_converter_0/inst/i_top_level_usp_rf_data_converter_0_0_bufg_gt_ctrl/clk_dac0 |
+-----------+-------+-----------------+------------+-------------+-----------------+----+--------+------+------+-----+----+------+-----+---------+------------------------------------------------------------------------------------------------------+
* Clock Loads column represents the clock pin loads (pin count)
** Non-Clock Loads column represents the non-clock pin loads (pin count)
*** Columns FF, LUTRAM, RAMB through 'Hard IP' represents load cell counts


32. Clock Region Cell Placement per Global Clock: Region X3Y5
-------------------------------------------------------------

+-----------+-------+-----------------+------------+-------------+-----------------+----+--------+------+------+-----+----+------+-----+---------+------------------------------------------------------------------------------------------------------+
| Global Id | Track | Driver Type/Pin | Constraint | Clock Loads | Non-Clock Loads | FF | LUTRAM | RAMB | URAM | DSP | GT | MMCM | PLL | Hard IP | Net                                                                                                  |
+-----------+-------+-----------------+------------+-------------+-----------------+----+--------+------+------+-----+----+------+-----+---------+------------------------------------------------------------------------------------------------------+
| g0        | 2     | BUFGCE/O        | None       |           2 |               0 |  0 |      0 |    2 |    0 |   0 |  0 |    0 |   0 |       0 | top_level_i/clk_wiz_1/inst/clk_out1                                                                  |
| g1        | 5     | BUFG_GT/O       | None       |           7 |               0 |  6 |      0 |    1 |    0 |   0 |  0 |    0 |   0 |       0 | top_level_i/usp_rf_data_converter_0/inst/i_top_level_usp_rf_data_converter_0_0_bufg_gt_ctrl/clk_dac0 |
+-----------+-------+-----------------+------------+-------------+-----------------+----+--------+------+------+-----+----+------+-----+---------+------------------------------------------------------------------------------------------------------+
* Clock Loads column represents the clock pin loads (pin count)
** Non-Clock Loads column represents the non-clock pin loads (pin count)
*** Columns FF, LUTRAM, RAMB through 'Hard IP' represents load cell counts


33. Clock Region Cell Placement per Global Clock: Region X4Y5
-------------------------------------------------------------

+-----------+-------+-----------------+------------+-------------+-----------------+------+--------+------+------+-----+----+------+-----+---------+------------------------------------------------------------------------------------------------------+
| Global Id | Track | Driver Type/Pin | Constraint | Clock Loads | Non-Clock Loads | FF   | LUTRAM | RAMB | URAM | DSP | GT | MMCM | PLL | Hard IP | Net                                                                                                  |
+-----------+-------+-----------------+------------+-------------+-----------------+------+--------+------+------+-----+----+------+-----+---------+------------------------------------------------------------------------------------------------------+
| g0        | 2     | BUFGCE/O        | None       |        1349 |               0 | 1143 |    199 |    7 |    0 |   0 |  0 |    0 |   0 |       0 | top_level_i/clk_wiz_1/inst/clk_out1                                                                  |
| g1        | 5     | BUFG_GT/O       | None       |         118 |               0 |   85 |     32 |    1 |    0 |   0 |  0 |    0 |   0 |       0 | top_level_i/usp_rf_data_converter_0/inst/i_top_level_usp_rf_data_converter_0_0_bufg_gt_ctrl/clk_dac0 |
+-----------+-------+-----------------+------------+-------------+-----------------+------+--------+------+------+-----+----+------+-----+---------+------------------------------------------------------------------------------------------------------+
* Clock Loads column represents the clock pin loads (pin count)
** Non-Clock Loads column represents the non-clock pin loads (pin count)
*** Columns FF, LUTRAM, RAMB through 'Hard IP' represents load cell counts


34. Clock Region Cell Placement per Global Clock: Region X5Y5
-------------------------------------------------------------

+-----------+-------+-----------------+------------+-------------+-----------------+------+--------+------+------+-----+----+------+-----+---------+------------------------------------------------------------------------------------------------------+
| Global Id | Track | Driver Type/Pin | Constraint | Clock Loads | Non-Clock Loads | FF   | LUTRAM | RAMB | URAM | DSP | GT | MMCM | PLL | Hard IP | Net                                                                                                  |
+-----------+-------+-----------------+------------+-------------+-----------------+------+--------+------+------+-----+----+------+-----+---------+------------------------------------------------------------------------------------------------------+
| g0        | 2     | BUFGCE/O        | None       |        2314 |               0 | 2131 |    175 |    7 |    0 |   0 |  0 |    0 |   0 |       0 | top_level_i/clk_wiz_1/inst/clk_out1                                                                  |
| g1        | 5     | BUFG_GT/O       | None       |         308 |               0 |  240 |     64 |    4 |    0 |   0 |  0 |    0 |   0 |       0 | top_level_i/usp_rf_data_converter_0/inst/i_top_level_usp_rf_data_converter_0_0_bufg_gt_ctrl/clk_dac0 |
+-----------+-------+-----------------+------------+-------------+-----------------+------+--------+------+------+-----+----+------+-----+---------+------------------------------------------------------------------------------------------------------+
* Clock Loads column represents the clock pin loads (pin count)
** Non-Clock Loads column represents the non-clock pin loads (pin count)
*** Columns FF, LUTRAM, RAMB through 'Hard IP' represents load cell counts


35. Clock Region Cell Placement per Global Clock: Region X3Y6
-------------------------------------------------------------

+-----------+-------+-----------------+------------+-------------+-----------------+----+--------+------+------+-----+----+------+-----+---------+------------------------------------------------------------------------------------------------------+
| Global Id | Track | Driver Type/Pin | Constraint | Clock Loads | Non-Clock Loads | FF | LUTRAM | RAMB | URAM | DSP | GT | MMCM | PLL | Hard IP | Net                                                                                                  |
+-----------+-------+-----------------+------------+-------------+-----------------+----+--------+------+------+-----+----+------+-----+---------+------------------------------------------------------------------------------------------------------+
| g0        | 2     | BUFGCE/O        | None       |           6 |               0 |  6 |      0 |    0 |    0 |   0 |  0 |    0 |   0 |       0 | top_level_i/clk_wiz_1/inst/clk_out1                                                                  |
| g1        | 5     | BUFG_GT/O       | None       |           3 |               0 |  3 |      0 |    0 |    0 |   0 |  0 |    0 |   0 |       0 | top_level_i/usp_rf_data_converter_0/inst/i_top_level_usp_rf_data_converter_0_0_bufg_gt_ctrl/clk_dac0 |
+-----------+-------+-----------------+------------+-------------+-----------------+----+--------+------+------+-----+----+------+-----+---------+------------------------------------------------------------------------------------------------------+
* Clock Loads column represents the clock pin loads (pin count)
** Non-Clock Loads column represents the non-clock pin loads (pin count)
*** Columns FF, LUTRAM, RAMB through 'Hard IP' represents load cell counts


36. Clock Region Cell Placement per Global Clock: Region X4Y6
-------------------------------------------------------------

+-----------+-------+-----------------+------------+-------------+-----------------+----+--------+------+------+-----+----+------+-----+---------+-------------------------------------+
| Global Id | Track | Driver Type/Pin | Constraint | Clock Loads | Non-Clock Loads | FF | LUTRAM | RAMB | URAM | DSP | GT | MMCM | PLL | Hard IP | Net                                 |
+-----------+-------+-----------------+------------+-------------+-----------------+----+--------+------+------+-----+----+------+-----+---------+-------------------------------------+
| g0+       | 2     | BUFGCE/O        | None       |           0 |               0 |  0 |      0 |    0 |    0 |   0 |  0 |    0 |   0 |       0 | top_level_i/clk_wiz_1/inst/clk_out1 |
+-----------+-------+-----------------+------------+-------------+-----------------+----+--------+------+------+-----+----+------+-----+---------+-------------------------------------+
* Clock Loads column represents the clock pin loads (pin count)
** Non-Clock Loads column represents the non-clock pin loads (pin count)
*** Columns FF, LUTRAM, RAMB through 'Hard IP' represents load cell counts
**** In Global Id column, sympbol '+' indicates that global clock was used only to route through the clock region.


37. Clock Region Cell Placement per Global Clock: Region X5Y6
-------------------------------------------------------------

+-----------+-------+-----------------+------------+-------------+-----------------+----+--------+------+------+-----+----+------+-----+---------+-------------------------------------+
| Global Id | Track | Driver Type/Pin | Constraint | Clock Loads | Non-Clock Loads | FF | LUTRAM | RAMB | URAM | DSP | GT | MMCM | PLL | Hard IP | Net                                 |
+-----------+-------+-----------------+------------+-------------+-----------------+----+--------+------+------+-----+----+------+-----+---------+-------------------------------------+
| g0        | 2     | BUFGCE/O        | None       |           1 |               0 |  0 |      0 |    0 |    0 |   0 |  0 |    0 |   0 |       0 | top_level_i/clk_wiz_1/inst/clk_out1 |
+-----------+-------+-----------------+------------+-------------+-----------------+----+--------+------+------+-----+----+------+-----+---------+-------------------------------------+
* Clock Loads column represents the clock pin loads (pin count)
** Non-Clock Loads column represents the non-clock pin loads (pin count)
*** Columns FF, LUTRAM, RAMB through 'Hard IP' represents load cell counts


38. Clock Region Cell Placement per Global Clock: Region X3Y7
-------------------------------------------------------------

+-----------+-------+-----------------+------------+-------------+-----------------+----+--------+------+------+-----+----+------+-----+---------+-------------------------------------+
| Global Id | Track | Driver Type/Pin | Constraint | Clock Loads | Non-Clock Loads | FF | LUTRAM | RAMB | URAM | DSP | GT | MMCM | PLL | Hard IP | Net                                 |
+-----------+-------+-----------------+------------+-------------+-----------------+----+--------+------+------+-----+----+------+-----+---------+-------------------------------------+
| g0+       | 2     | BUFGCE/O        | None       |           0 |               0 |  0 |      0 |    0 |    0 |   0 |  0 |    0 |   0 |       0 | top_level_i/clk_wiz_1/inst/clk_out1 |
+-----------+-------+-----------------+------------+-------------+-----------------+----+--------+------+------+-----+----+------+-----+---------+-------------------------------------+
* Clock Loads column represents the clock pin loads (pin count)
** Non-Clock Loads column represents the non-clock pin loads (pin count)
*** Columns FF, LUTRAM, RAMB through 'Hard IP' represents load cell counts
**** In Global Id column, sympbol '+' indicates that global clock was used only to route through the clock region.


39. Clock Region Cell Placement per Global Clock: Region X4Y7
-------------------------------------------------------------

+-----------+-------+-----------------+------------+-------------+-----------------+----+--------+------+------+-----+----+------+-----+---------+-------------------------------------+
| Global Id | Track | Driver Type/Pin | Constraint | Clock Loads | Non-Clock Loads | FF | LUTRAM | RAMB | URAM | DSP | GT | MMCM | PLL | Hard IP | Net                                 |
+-----------+-------+-----------------+------------+-------------+-----------------+----+--------+------+------+-----+----+------+-----+---------+-------------------------------------+
| g0+       | 2     | BUFGCE/O        | None       |           0 |               0 |  0 |      0 |    0 |    0 |   0 |  0 |    0 |   0 |       0 | top_level_i/clk_wiz_1/inst/clk_out1 |
+-----------+-------+-----------------+------------+-------------+-----------------+----+--------+------+------+-----+----+------+-----+---------+-------------------------------------+
* Clock Loads column represents the clock pin loads (pin count)
** Non-Clock Loads column represents the non-clock pin loads (pin count)
*** Columns FF, LUTRAM, RAMB through 'Hard IP' represents load cell counts
**** In Global Id column, sympbol '+' indicates that global clock was used only to route through the clock region.


40. Clock Region Cell Placement per Global Clock: Region X5Y7
-------------------------------------------------------------

+-----------+-------+-----------------+------------+-------------+-----------------+----+--------+------+------+-----+----+------+-----+---------+-------------------------------------+
| Global Id | Track | Driver Type/Pin | Constraint | Clock Loads | Non-Clock Loads | FF | LUTRAM | RAMB | URAM | DSP | GT | MMCM | PLL | Hard IP | Net                                 |
+-----------+-------+-----------------+------------+-------------+-----------------+----+--------+------+------+-----+----+------+-----+---------+-------------------------------------+
| g0        | 2     | BUFGCE/O        | None       |           1 |               0 |  0 |      0 |    0 |    0 |   0 |  0 |    0 |   0 |       0 | top_level_i/clk_wiz_1/inst/clk_out1 |
+-----------+-------+-----------------+------------+-------------+-----------------+----+--------+------+------+-----+----+------+-----+---------+-------------------------------------+
* Clock Loads column represents the clock pin loads (pin count)
** Non-Clock Loads column represents the non-clock pin loads (pin count)
*** Columns FF, LUTRAM, RAMB through 'Hard IP' represents load cell counts


