-- Installing: ../../../include/metal/assert.h
-- Installing: ../../../include/metal/atomic.h
-- Installing: ../../../include/metal/cache.h
-- Installing: ../../../include/metal/compiler.h
-- Installing: ../../../include/metal/condition.h
-- Installing: ../../../include/metal/config.h
-- Installing: ../../../include/metal/cpu.h
-- Installing: ../../../include/metal/device.h
-- Installing: ../../../include/metal/dma.h
-- Installing: ../../../include/metal/io.h
-- Installing: ../../../include/metal/irq.h
-- Installing: ../../../include/metal/irq_controller.h
-- Installing: ../../../include/metal/list.h
-- Installing: ../../../include/metal/log.h
-- Installing: ../../../include/metal/mutex.h
-- Installing: ../../../include/metal/scatterlist.h
-- Installing: ../../../include/metal/shmem.h
-- Installing: ../../../include/metal/shmem-provider.h
-- Installing: ../../../include/metal/sleep.h
-- Installing: ../../../include/metal/softirq.h
-- Installing: ../../../include/metal/spinlock.h
-- Installing: ../../../include/metal/sys.h
-- Installing: ../../../include/metal/time.h
-- Installing: ../../../include/metal/utilities.h
-- Installing: ../../../include/metal/version.h
-- Installing: ../../../include/metal/compiler/gcc/atomic.h
-- Installing: ../../../include/metal/compiler/gcc/compiler.h
-- Installing: ../../../include/metal/compiler/iar/compiler.h
-- Installing: ../../../include/metal/processor/microblaze/atomic.h
-- Installing: ../../../include/metal/processor/microblaze/cpu.h
-- Installing: ../../../include/metal/system/generic/alloc.h
-- Installing: ../../../include/metal/system/generic/assert.h
-- Installing: ../../../include/metal/system/generic/cache.h
-- Installing: ../../../include/metal/system/generic/condition.h
-- Installing: ../../../include/metal/system/generic/io.h
-- Installing: ../../../include/metal/system/generic/irq.h
-- Installing: ../../../include/metal/system/generic/log.h
-- Installing: ../../../include/metal/system/generic/mutex.h
-- Installing: ../../../include/metal/system/generic/sleep.h
-- Installing: ../../../include/metal/system/generic/sys.h
-- Installing: ../../../include/metal/system/generic/microblaze_generic/sys.h
-- Installing: ../../../include/metal/system/generic/xlnx_common/sys.h
-- Up-to-date: ../../../lib/libmetal.a
"Running Make libs in microblaze_0/libsrc/rfdc_v6_0/src"
make -C microblaze_0/libsrc/rfdc_v6_0/src -s libs  "SHELL=CMD" "COMPILER=mb-gcc" "ARCHIVER=mb-ar" "COMPILER_FLAGS=  -O2 -c -mcpu=v11.0 -mlittle-endian -mxl-soft-mul" "EXTRA_COMPILER_FLAGS=-ffunction-sections -fdata-sections -Wall -Wextra"
"Compiling rfdc"
"Running Make libs in microblaze_0/libsrc/standalone_v7_0/src"
make -C microblaze_0/libsrc/standalone_v7_0/src -s libs  "SHELL=CMD" "COMPILER=mb-gcc" "ARCHIVER=mb-ar" "COMPILER_FLAGS=  -O2 -c -mcpu=v11.0 -mlittle-endian -mxl-soft-mul" "EXTRA_COMPILER_FLAGS=-ffunction-sections -fdata-sections -Wall -Wextra"
"Compiling standalone";
microblaze_sleep.c:77:9: note: #pragma message: For the sleep routines, assembly instructions are used
 #pragma message ("For the sleep routines, assembly instructions are used")
         ^~~~~~~
"Running Make libs in microblaze_0/libsrc/uartlite_v3_2/src"
make -C microblaze_0/libsrc/uartlite_v3_2/src -s libs  "SHELL=CMD" "COMPILER=mb-gcc" "ARCHIVER=mb-ar" "COMPILER_FLAGS=  -O2 -c -mcpu=v11.0 -mlittle-endian -mxl-soft-mul" "EXTRA_COMPILER_FLAGS=-ffunction-sections -fdata-sections -Wall -Wextra"
"Compiling uartlite"
'Finished building libraries'
15:19:33 **** Incremental Build of configuration Debug for project rfsoc_controller ****
make all 
'Building file: ../src/drivers/cmd_handler.c'
'Invoking: MicroBlaze gcc compiler'
mb-gcc -Wall -O0 -g3 -c -fmessage-length=0 -MT"src/drivers/cmd_handler.o" -D __BAREMETAL__ -I../../rfsoc_controller_bsp/microblaze_0/include -mlittle-endian -mcpu=v11.0 -mxl-soft-mul -Wl,--no-relax -ffunction-sections -fdata-sections -MMD -MP -MF"src/drivers/cmd_handler.d" -MT"src/drivers/cmd_handler.o" -o "src/drivers/cmd_handler.o" "../src/drivers/cmd_handler.c"
In file included from ../src/drivers/gpio.h:12,
                 from ../src/drivers/cmd_handler.c:10:
../../rfsoc_controller_bsp/microblaze_0/include/xbasic_types.h:120:2: warning: #warning The xbasics_type.h file is deprecated and users should use xil_types.h and xil_assert. [-Wcpp]
 #warning  The xbasics_type.h file is deprecated and users should use xil_types.h and xil_assert.
  ^~~~~~~
../../rfsoc_controller_bsp/microblaze_0/include/xbasic_types.h:121:2: warning: #warning Please refer the Standalone BSP UG647 for further details [-Wcpp]
 #warning  Please refer the Standalone BSP UG647 for further details
  ^~~~~~~
../src/drivers/cmd_handler.c: In function 'handle_cmd':
../src/drivers/cmd_handler.c:102:3: warning: implicit declaration of function 'cmd_flush_buffer_test'; did you mean 'rf_flush_buffer'? [-Wimplicit-function-declaration]
   cmd_flush_buffer_test();
   ^~~~~~~~~~~~~~~~~~~~~
   rf_flush_buffer
../src/drivers/cmd_handler.c: In function 'cmd_pulse_test':
../src/drivers/cmd_handler.c:347:3: warning: implicit declaration of function 'rf_single_pulse_test'; did you mean 'rf_pulse_test'? [-Wimplicit-function-declaration]
   rf_single_pulse_test();
   ^~~~~~~~~~~~~~~~~~~~
   rf_pulse_test
../src/drivers/cmd_handler.c: At top level:
../src/drivers/cmd_handler.c:372:6: warning: conflicting types for 'cmd_flush_buffer_test'
 void cmd_flush_buffer_test()
      ^~~~~~~~~~~~~~~~~~~~~
../src/drivers/cmd_handler.c:102:3: note: previous implicit declaration of 'cmd_flush_buffer_test' was here
   cmd_flush_buffer_test();
   ^~~~~~~~~~~~~~~~~~~~~
'Finished building: ../src/drivers/cmd_handler.c'
' '
'Building file: ../src/drivers/gpio.c'
'Invoking: MicroBlaze gcc compiler'
mb-gcc -Wall -O0 -g3 -c -fmessage-length=0 -MT"src/drivers/gpio.o" -D __BAREMETAL__ -I../../rfsoc_controller_bsp/microblaze_0/include -mlittle-endian -mcpu=v11.0 -mxl-soft-mul -Wl,--no-relax -ffunction-sections -fdata-sections -MMD -MP -MF"src/drivers/gpio.d" -MT"src/drivers/gpio.o" -o "src/drivers/gpio.o" "../src/drivers/gpio.c"
In file included from ../src/drivers/gpio.h:12,
                 from ../src/drivers/gpio.c:8:
../../rfsoc_controller_bsp/microblaze_0/include/xbasic_types.h:120:2: warning: #warning The xbasics_type.h file is deprecated and users should use xil_types.h and xil_assert. [-Wcpp]
 #warning  The xbasics_type.h file is deprecated and users should use xil_types.h and xil_assert.
  ^~~~~~~
../../rfsoc_controller_bsp/microblaze_0/include/xbasic_types.h:121:2: warning: #warning Please refer the Standalone BSP UG647 for further details [-Wcpp]
 #warning  Please refer the Standalone BSP UG647 for further details
  ^~~~~~~
../src/drivers/gpio.c: In function 'gpio_init':
../src/drivers/gpio.c:17:3: warning: implicit declaration of function 'debug_print' [-Wimplicit-function-declaration]
   debug_print("GPIO init success!");
   ^~~~~~~~~~~
'Finished building: ../src/drivers/gpio.c'
' '
'Building file: ../src/drivers/rf.c'
'Invoking: MicroBlaze gcc compiler'
mb-gcc -Wall -O0 -g3 -c -fmessage-length=0 -MT"src/drivers/rf.o" -D __BAREMETAL__ -I../../rfsoc_controller_bsp/microblaze_0/include -mlittle-endian -mcpu=v11.0 -mxl-soft-mul -Wl,--no-relax -ffunction-sections -fdata-sections -MMD -MP -MF"src/drivers/rf.d" -MT"src/drivers/rf.o" -o "src/drivers/rf.o" "../src/drivers/rf.c"
In file included from ../src/drivers/gpio.h:12,
                 from ../src/drivers/rf.c:9:
../../rfsoc_controller_bsp/microblaze_0/include/xbasic_types.h:120:2: warning: #warning The xbasics_type.h file is deprecated and users should use xil_types.h and xil_assert. [-Wcpp]
 #warning  The xbasics_type.h file is deprecated and users should use xil_types.h and xil_assert.
  ^~~~~~~
../../rfsoc_controller_bsp/microblaze_0/include/xbasic_types.h:121:2: warning: #warning Please refer the Standalone BSP UG647 for further details [-Wcpp]
 #warning  Please refer the Standalone BSP UG647 for further details
  ^~~~~~~
'Finished building: ../src/drivers/rf.c'
' '
'Building file: ../src/drivers/uart.c'
'Invoking: MicroBlaze gcc compiler'
mb-gcc -Wall -O0 -g3 -c -fmessage-length=0 -MT"src/drivers/uart.o" -D __BAREMETAL__ -I../../rfsoc_controller_bsp/microblaze_0/include -mlittle-endian -mcpu=v11.0 -mxl-soft-mul -Wl,--no-relax -ffunction-sections -fdata-sections -MMD -MP -MF"src/drivers/uart.d" -MT"src/drivers/uart.o" -o "src/drivers/uart.o" "../src/drivers/uart.c"
../src/drivers/uart.c: In function 'debug_print':
../src/drivers/uart.c:12:2: warning: implicit declaration of function 'print' [-Wimplicit-function-declaration]
  print(buff);
  ^~~~~
../src/drivers/uart.c: In function 'uart_receive':
../src/drivers/uart.c:63:1: warning: control reaches end of non-void function [-Wreturn-type]
 }
 ^
'Finished building: ../src/drivers/uart.c'
' '
'Building file: ../src/helloworld.c'
'Invoking: MicroBlaze gcc compiler'
mb-gcc -Wall -O0 -g3 -c -fmessage-length=0 -MT"src/helloworld.o" -D __BAREMETAL__ -I../../rfsoc_controller_bsp/microblaze_0/include -mlittle-endian -mcpu=v11.0 -mxl-soft-mul -Wl,--no-relax -ffunction-sections -fdata-sections -MMD -MP -MF"src/helloworld.d" -MT"src/helloworld.o" -o "src/helloworld.o" "../src/helloworld.c"
'Finished building: ../src/helloworld.c'
' '
'Building file: ../src/platform.c'
'Invoking: MicroBlaze gcc compiler'
mb-gcc -Wall -O0 -g3 -c -fmessage-length=0 -MT"src/platform.o" -D __BAREMETAL__ -I../../rfsoc_controller_bsp/microblaze_0/include -mlittle-endian -mcpu=v11.0 -mxl-soft-mul -Wl,--no-relax -ffunction-sections -fdata-sections -MMD -MP -MF"src/platform.d" -MT"src/platform.o" -o "src/platform.o" "../src/platform.c"
'Finished building: ../src/platform.c'
' '
'Building target: rfsoc_controller.elf'
'Invoking: MicroBlaze gcc linker'
mb-gcc -Wl,-T -Wl,../src/lscript.ld -L../../rfsoc_controller_bsp/microblaze_0/lib -mlittle-endian -mcpu=v11.0 -mxl-soft-mul -Wl,--no-relax -Wl,--gc-sections -o "rfsoc_controller.elf"  ./src/drivers/cmd_handler.o ./src/drivers/gpio.o ./src/drivers/rf.o ./src/drivers/uart.o  ./src/helloworld.o ./src/platform.o   -Wl,--start-group,-lxil,-lgcc,-lc,--end-group -Wl,--start-group,-lxil,-lmetal,-lgcc,-lc,--end-group
'Finished building target: rfsoc_controller.elf'
' '
'Invoking: MicroBlaze Print Size'
mb-size rfsoc_controller.elf  |tee "rfsoc_controller.elf.size"
   text	   data	    bss	    dec	    hex	filename
  85770	   3504	 207990	 297264	  48930	rfsoc_controller.elf
'Finished building: rfsoc_controller.elf.size'
' '
15:21:00 **** Incremental Build of configuration Debug for project rfsoc_controller ****
make all 
make: Nothing to be done for 'all'.
09:49:34 **** Incremental Build of configuration Debug for project rfsoc_controller ****
make all 
make: Nothing to be done for 'all'.
09:50:09 **** Incremental Build of configuration Debug for project rfsoc_controller ****
make all 
make: Nothing to be done for 'all'.
11:41:45 **** Incremental Build of configuration Debug for project rfsoc_controller ****
make all 
make: Nothing to be done for 'all'.
11:58:34 **** Incremental Build of configuration Debug for project rfsoc_controller ****
make all 
make: Nothing to be done for 'all'.
15:12:42 **** Incremental Build of configuration Debug for project rfsoc_controller ****
make all 
make: Nothing to be done for 'all'.
13:39:17 **** Auto Build of configuration Debug for project rfsoc_controller ****
make all 
'Building file: ../src/drivers/rf.c'
'Invoking: MicroBlaze gcc compiler'
mb-gcc -Wall -O0 -g3 -c -fmessage-length=0 -MT"src/drivers/rf.o" -D __BAREMETAL__ -I../../rfsoc_controller_bsp/microblaze_0/include -mlittle-endian -mcpu=v11.0 -mxl-soft-mul -Wl,--no-relax -ffunction-sections -fdata-sections -MMD -MP -MF"src/drivers/rf.d" -MT"src/drivers/rf.o" -o "src/drivers/rf.o" "../src/drivers/rf.c"
In file included from ../src/drivers/gpio.h:12,
                 from ../src/drivers/rf.c:9:
../../rfsoc_controller_bsp/microblaze_0/include/xbasic_types.h:120:2: warning: #warning The xbasics_type.h file is deprecated and users should use xil_types.h and xil_assert. [-Wcpp]
 #warning  The xbasics_type.h file is deprecated and users should use xil_types.h and xil_assert.
  ^~~~~~~
../../rfsoc_controller_bsp/microblaze_0/include/xbasic_types.h:121:2: warning: #warning Please refer the Standalone BSP UG647 for further details [-Wcpp]
 #warning  Please refer the Standalone BSP UG647 for further details
  ^~~~~~~
../src/drivers/rf.c: In function 'rf_set_adc_shift':
../src/drivers/rf.c:40:25: error: 'ADC_SHIFT' undeclared (first use in this function)
   gpio_set_pin(RF_BANK, ADC_SHIFT, 0x01);
                         ^~~~~~~~~
../src/drivers/rf.c:40:25: note: each undeclared identifier is reported only once for each function it appears in
make: *** [src/drivers/subdir.mk:29: src/drivers/rf.o] Error 1
13:39:23 **** Auto Build of configuration Debug for project rfsoc_controller ****
make all 
'Building file: ../src/drivers/cmd_handler.c'
'Invoking: MicroBlaze gcc compiler'
mb-gcc -Wall -O0 -g3 -c -fmessage-length=0 -MT"src/drivers/cmd_handler.o" -D __BAREMETAL__ -I../../rfsoc_controller_bsp/microblaze_0/include -mlittle-endian -mcpu=v11.0 -mxl-soft-mul -Wl,--no-relax -ffunction-sections -fdata-sections -MMD -MP -MF"src/drivers/cmd_handler.d" -MT"src/drivers/cmd_handler.o" -o "src/drivers/cmd_handler.o" "../src/drivers/cmd_handler.c"
In file included from ../src/drivers/gpio.h:12,
                 from ../src/drivers/cmd_handler.c:10:
../../rfsoc_controller_bsp/microblaze_0/include/xbasic_types.h:120:2: warning: #warning The xbasics_type.h file is deprecated and users should use xil_types.h and xil_assert. [-Wcpp]
 #warning  The xbasics_type.h file is deprecated and users should use xil_types.h and xil_assert.
  ^~~~~~~
../../rfsoc_controller_bsp/microblaze_0/include/xbasic_types.h:121:2: warning: #warning Please refer the Standalone BSP UG647 for further details [-Wcpp]
 #warning  Please refer the Standalone BSP UG647 for further details
  ^~~~~~~
../src/drivers/cmd_handler.c: In function 'handle_cmd':
../src/drivers/cmd_handler.c:102:3: warning: implicit declaration of function 'cmd_flush_buffer_test'; did you mean 'rf_flush_buffer'? [-Wimplicit-function-declaration]
   cmd_flush_buffer_test();
   ^~~~~~~~~~~~~~~~~~~~~
   rf_flush_buffer
../src/drivers/cmd_handler.c: In function 'cmd_pulse_test':
../src/drivers/cmd_handler.c:347:3: warning: implicit declaration of function 'rf_single_pulse_test'; did you mean 'rf_pulse_test'? [-Wimplicit-function-declaration]
   rf_single_pulse_test();
   ^~~~~~~~~~~~~~~~~~~~
   rf_pulse_test
../src/drivers/cmd_handler.c: At top level:
../src/drivers/cmd_handler.c:372:6: warning: conflicting types for 'cmd_flush_buffer_test'
 void cmd_flush_buffer_test()
      ^~~~~~~~~~~~~~~~~~~~~
../src/drivers/cmd_handler.c:102:3: note: previous implicit declaration of 'cmd_flush_buffer_test' was here
   cmd_flush_buffer_test();
   ^~~~~~~~~~~~~~~~~~~~~
'Finished building: ../src/drivers/cmd_handler.c'
' '
'Building file: ../src/drivers/gpio.c'
'Invoking: MicroBlaze gcc compiler'
mb-gcc -Wall -O0 -g3 -c -fmessage-length=0 -MT"src/drivers/gpio.o" -D __BAREMETAL__ -I../../rfsoc_controller_bsp/microblaze_0/include -mlittle-endian -mcpu=v11.0 -mxl-soft-mul -Wl,--no-relax -ffunction-sections -fdata-sections -MMD -MP -MF"src/drivers/gpio.d" -MT"src/drivers/gpio.o" -o "src/drivers/gpio.o" "../src/drivers/gpio.c"
In file included from ../src/drivers/gpio.h:12,
                 from ../src/drivers/gpio.c:8:
../../rfsoc_controller_bsp/microblaze_0/include/xbasic_types.h:120:2: warning: #warning The xbasics_type.h file is deprecated and users should use xil_types.h and xil_assert. [-Wcpp]
 #warning  The xbasics_type.h file is deprecated and users should use xil_types.h and xil_assert.
  ^~~~~~~
../../rfsoc_controller_bsp/microblaze_0/include/xbasic_types.h:121:2: warning: #warning Please refer the Standalone BSP UG647 for further details [-Wcpp]
 #warning  Please refer the Standalone BSP UG647 for further details
  ^~~~~~~
../src/drivers/gpio.c: In function 'gpio_init':
../src/drivers/gpio.c:17:3: warning: implicit declaration of function 'debug_print' [-Wimplicit-function-declaration]
   debug_print("GPIO init success!");
   ^~~~~~~~~~~
'Finished building: ../src/drivers/gpio.c'
' '
'Building file: ../src/drivers/rf.c'
'Invoking: MicroBlaze gcc compiler'
mb-gcc -Wall -O0 -g3 -c -fmessage-length=0 -MT"src/drivers/rf.o" -D __BAREMETAL__ -I../../rfsoc_controller_bsp/microblaze_0/include -mlittle-endian -mcpu=v11.0 -mxl-soft-mul -Wl,--no-relax -ffunction-sections -fdata-sections -MMD -MP -MF"src/drivers/rf.d" -MT"src/drivers/rf.o" -o "src/drivers/rf.o" "../src/drivers/rf.c"
In file included from ../src/drivers/gpio.h:12,
                 from ../src/drivers/rf.c:9:
../../rfsoc_controller_bsp/microblaze_0/include/xbasic_types.h:120:2: warning: #warning The xbasics_type.h file is deprecated and users should use xil_types.h and xil_assert. [-Wcpp]
 #warning  The xbasics_type.h file is deprecated and users should use xil_types.h and xil_assert.
  ^~~~~~~
../../rfsoc_controller_bsp/microblaze_0/include/xbasic_types.h:121:2: warning: #warning Please refer the Standalone BSP UG647 for further details [-Wcpp]
 #warning  Please refer the Standalone BSP UG647 for further details
  ^~~~~~~
'Finished building: ../src/drivers/rf.c'
' '
'Building target: rfsoc_controller.elf'
'Invoking: MicroBlaze gcc linker'
mb-gcc -Wl,-T -Wl,../src/lscript.ld -L../../rfsoc_controller_bsp/microblaze_0/lib -mlittle-endian -mcpu=v11.0 -mxl-soft-mul -Wl,--no-relax -Wl,--gc-sections -o "rfsoc_controller.elf"  ./src/drivers/cmd_handler.o ./src/drivers/gpio.o ./src/drivers/rf.o ./src/drivers/uart.o  ./src/helloworld.o ./src/platform.o   -Wl,--start-group,-lxil,-lgcc,-lc,--end-group -Wl,--start-group,-lxil,-lmetal,-lgcc,-lc,--end-group
'Finished building target: rfsoc_controller.elf'
' '
'Invoking: MicroBlaze Print Size'
mb-size rfsoc_controller.elf  |tee "rfsoc_controller.elf.size"
   text	   data	    bss	    dec	    hex	filename
  85770	   3504	 207990	 297264	  48930	rfsoc_controller.elf
'Finished building: rfsoc_controller.elf.size'
' '
13:46:43 **** Auto Build of configuration Debug for project rfsoc_controller ****
make all 
'Building file: ../src/drivers/rf.c'
'Invoking: MicroBlaze gcc compiler'
mb-gcc -Wall -O0 -g3 -c -fmessage-length=0 -MT"src/drivers/rf.o" -D __BAREMETAL__ -I../../rfsoc_controller_bsp/microblaze_0/include -mlittle-endian -mcpu=v11.0 -mxl-soft-mul -Wl,--no-relax -ffunction-sections -fdata-sections -MMD -MP -MF"src/drivers/rf.d" -MT"src/drivers/rf.o" -o "src/drivers/rf.o" "../src/drivers/rf.c"
In file included from ../src/drivers/gpio.h:12,
                 from ../src/drivers/rf.c:9:
../../rfsoc_controller_bsp/microblaze_0/include/xbasic_types.h:120:2: warning: #warning The xbasics_type.h file is deprecated and users should use xil_types.h and xil_assert. [-Wcpp]
 #warning  The xbasics_type.h file is deprecated and users should use xil_types.h and xil_assert.
  ^~~~~~~
../../rfsoc_controller_bsp/microblaze_0/include/xbasic_types.h:121:2: warning: #warning Please refer the Standalone BSP UG647 for further details [-Wcpp]
 #warning  Please refer the Standalone BSP UG647 for further details
  ^~~~~~~
'Finished building: ../src/drivers/rf.c'
' '
'Building target: rfsoc_controller.elf'
'Invoking: MicroBlaze gcc linker'
mb-gcc -Wl,-T -Wl,../src/lscript.ld -L../../rfsoc_controller_bsp/microblaze_0/lib -mlittle-endian -mcpu=v11.0 -mxl-soft-mul -Wl,--no-relax -Wl,--gc-sections -o "rfsoc_controller.elf"  ./src/drivers/cmd_handler.o ./src/drivers/gpio.o ./src/drivers/rf.o ./src/drivers/uart.o  ./src/helloworld.o ./src/platform.o   -Wl,--start-group,-lxil,-lgcc,-lc,--end-group -Wl,--start-group,-lxil,-lmetal,-lgcc,-lc,--end-group
'Finished building target: rfsoc_controller.elf'
' '
'Invoking: MicroBlaze Print Size'
mb-size rfsoc_controller.elf  |tee "rfsoc_controller.elf.size"
   text	   data	    bss	    dec	    hex	filename
  85806	   3504	 207986	 297296	  48950	rfsoc_controller.elf
'Finished building: rfsoc_controller.elf.size'
' '
15:19:06 **** Auto Build of configuration Debug for project rfsoc_controller ****
make all 
'Building file: ../src/drivers/rf.c'
'Invoking: MicroBlaze gcc compiler'
mb-gcc -Wall -O0 -g3 -c -fmessage-length=0 -MT"src/drivers/rf.o" -D __BAREMETAL__ -I../../rfsoc_controller_bsp/microblaze_0/include -mlittle-endian -mcpu=v11.0 -mxl-soft-mul -Wl,--no-relax -ffunction-sections -fdata-sections -MMD -MP -MF"src/drivers/rf.d" -MT"src/drivers/rf.o" -o "src/drivers/rf.o" "../src/drivers/rf.c"
In file included from ../src/drivers/gpio.h:12,
                 from ../src/drivers/rf.c:9:
../../rfsoc_controller_bsp/microblaze_0/include/xbasic_types.h:120:2: warning: #warning The xbasics_type.h file is deprecated and users should use xil_types.h and xil_assert. [-Wcpp]
 #warning  The xbasics_type.h file is deprecated and users should use xil_types.h and xil_assert.
  ^~~~~~~
../../rfsoc_controller_bsp/microblaze_0/include/xbasic_types.h:121:2: warning: #warning Please refer the Standalone BSP UG647 for further details [-Wcpp]
 #warning  Please refer the Standalone BSP UG647 for further details
  ^~~~~~~
../src/drivers/rf.c: In function 'adc_data_valid':
../src/drivers/rf.c:36:1: warning: control reaches end of non-void function [-Wreturn-type]
 }
 ^
'Finished building: ../src/drivers/rf.c'
' '
'Building target: rfsoc_controller.elf'
'Invoking: MicroBlaze gcc linker'
mb-gcc -Wl,-T -Wl,../src/lscript.ld -L../../rfsoc_controller_bsp/microblaze_0/lib -mlittle-endian -mcpu=v11.0 -mxl-soft-mul -Wl,--no-relax -Wl,--gc-sections -o "rfsoc_controller.elf"  ./src/drivers/cmd_handler.o ./src/drivers/gpio.o ./src/drivers/rf.o ./src/drivers/uart.o  ./src/helloworld.o ./src/platform.o   -Wl,--start-group,-lxil,-lgcc,-lc,--end-group -Wl,--start-group,-lxil,-lmetal,-lgcc,-lc,--end-group
'Finished building target: rfsoc_controller.elf'
' '
'Invoking: MicroBlaze Print Size'
mb-size rfsoc_controller.elf  |tee "rfsoc_controller.elf.size"
   text	   data	    bss	    dec	    hex	filename
  86202	   3504	 207998	 297704	  48ae8	rfsoc_controller.elf
'Finished building: rfsoc_controller.elf.size'
' '
15:21:53 **** Auto Build of configuration Debug for project rfsoc_controller ****
make all 
'Building file: ../src/drivers/cmd_handler.c'
'Invoking: MicroBlaze gcc compiler'
mb-gcc -Wall -O0 -g3 -c -fmessage-length=0 -MT"src/drivers/cmd_handler.o" -D __BAREMETAL__ -I../../rfsoc_controller_bsp/microblaze_0/include -mlittle-endian -mcpu=v11.0 -mxl-soft-mul -Wl,--no-relax -ffunction-sections -fdata-sections -MMD -MP -MF"src/drivers/cmd_handler.d" -MT"src/drivers/cmd_handler.o" -o "src/drivers/cmd_handler.o" "../src/drivers/cmd_handler.c"
In file included from ../src/drivers/gpio.h:12,
                 from ../src/drivers/cmd_handler.c:10:
../../rfsoc_controller_bsp/microblaze_0/include/xbasic_types.h:120:2: warning: #warning The xbasics_type.h file is deprecated and users should use xil_types.h and xil_assert. [-Wcpp]
 #warning  The xbasics_type.h file is deprecated and users should use xil_types.h and xil_assert.
  ^~~~~~~
../../rfsoc_controller_bsp/microblaze_0/include/xbasic_types.h:121:2: warning: #warning Please refer the Standalone BSP UG647 for further details [-Wcpp]
 #warning  Please refer the Standalone BSP UG647 for further details
  ^~~~~~~
../src/drivers/cmd_handler.c: In function 'handle_cmd':
../src/drivers/cmd_handler.c:102:3: warning: implicit declaration of function 'cmd_flush_buffer_test'; did you mean 'rf_flush_buffer'? [-Wimplicit-function-declaration]
   cmd_flush_buffer_test();
   ^~~~~~~~~~~~~~~~~~~~~
   rf_flush_buffer
../src/drivers/cmd_handler.c: In function 'cmd_read_adc':
../src/drivers/cmd_handler.c:123:5: warning: implicit declaration of function 'adc_data_valid' [-Wimplicit-function-declaration]
  if(adc_data_valid() == 0)
     ^~~~~~~~~~~~~~
../src/drivers/cmd_handler.c: In function 'cmd_pulse_test':
../src/drivers/cmd_handler.c:357:3: warning: implicit declaration of function 'rf_single_pulse_test'; did you mean 'rf_pulse_test'? [-Wimplicit-function-declaration]
   rf_single_pulse_test();
   ^~~~~~~~~~~~~~~~~~~~
   rf_pulse_test
../src/drivers/cmd_handler.c: At top level:
../src/drivers/cmd_handler.c:382:6: warning: conflicting types for 'cmd_flush_buffer_test'
 void cmd_flush_buffer_test()
      ^~~~~~~~~~~~~~~~~~~~~
../src/drivers/cmd_handler.c:102:3: note: previous implicit declaration of 'cmd_flush_buffer_test' was here
   cmd_flush_buffer_test();
   ^~~~~~~~~~~~~~~~~~~~~
'Finished building: ../src/drivers/cmd_handler.c'
' '
'Building target: rfsoc_controller.elf'
'Invoking: MicroBlaze gcc linker'
mb-gcc -Wl,-T -Wl,../src/lscript.ld -L../../rfsoc_controller_bsp/microblaze_0/lib -mlittle-endian -mcpu=v11.0 -mxl-soft-mul -Wl,--no-relax -Wl,--gc-sections -o "rfsoc_controller.elf"  ./src/drivers/cmd_handler.o ./src/drivers/gpio.o ./src/drivers/rf.o ./src/drivers/uart.o  ./src/helloworld.o ./src/platform.o   -Wl,--start-group,-lxil,-lgcc,-lc,--end-group -Wl,--start-group,-lxil,-lmetal,-lgcc,-lc,--end-group
'Finished building target: rfsoc_controller.elf'
' '
'Invoking: MicroBlaze Print Size'
mb-size rfsoc_controller.elf  |tee "rfsoc_controller.elf.size"
   text	   data	    bss	    dec	    hex	filename
  86286	   3504	 207994	 297784	  48b38	rfsoc_controller.elf
'Finished building: rfsoc_controller.elf.size'
' '
15:23:39 **** Auto Build of configuration Debug for project rfsoc_controller ****
make all 
'Building file: ../src/drivers/rf.c'
'Invoking: MicroBlaze gcc compiler'
mb-gcc -Wall -O0 -g3 -c -fmessage-length=0 -MT"src/drivers/rf.o" -D __BAREMETAL__ -I../../rfsoc_controller_bsp/microblaze_0/include -mlittle-endian -mcpu=v11.0 -mxl-soft-mul -Wl,--no-relax -ffunction-sections -fdata-sections -MMD -MP -MF"src/drivers/rf.d" -MT"src/drivers/rf.o" -o "src/drivers/rf.o" "../src/drivers/rf.c"
In file included from ../src/drivers/gpio.h:12,
                 from ../src/drivers/rf.c:9:
../../rfsoc_controller_bsp/microblaze_0/include/xbasic_types.h:120:2: warning: #warning The xbasics_type.h file is deprecated and users should use xil_types.h and xil_assert. [-Wcpp]
 #warning  The xbasics_type.h file is deprecated and users should use xil_types.h and xil_assert.
  ^~~~~~~
../../rfsoc_controller_bsp/microblaze_0/include/xbasic_types.h:121:2: warning: #warning Please refer the Standalone BSP UG647 for further details [-Wcpp]
 #warning  Please refer the Standalone BSP UG647 for further details
  ^~~~~~~
'Finished building: ../src/drivers/rf.c'
' '
'Building target: rfsoc_controller.elf'
'Invoking: MicroBlaze gcc linker'
mb-gcc -Wl,-T -Wl,../src/lscript.ld -L../../rfsoc_controller_bsp/microblaze_0/lib -mlittle-endian -mcpu=v11.0 -mxl-soft-mul -Wl,--no-relax -Wl,--gc-sections -o "rfsoc_controller.elf"  ./src/drivers/cmd_handler.o ./src/drivers/gpio.o ./src/drivers/rf.o ./src/drivers/uart.o  ./src/helloworld.o ./src/platform.o   -Wl,--start-group,-lxil,-lgcc,-lc,--end-group -Wl,--start-group,-lxil,-lmetal,-lgcc,-lc,--end-group
'Finished building target: rfsoc_controller.elf'
' '
'Invoking: MicroBlaze Print Size'
mb-size rfsoc_controller.elf  |tee "rfsoc_controller.elf.size"
   text	   data	    bss	    dec	    hex	filename
  86358	   3504	 207994	 297856	  48b80	rfsoc_controller.elf
'Finished building: rfsoc_controller.elf.size'
' '
15:32:08 **** Auto Build of configuration Debug for project rfsoc_controller ****
make all 
'Building file: ../src/drivers/cmd_handler.c'
'Invoking: MicroBlaze gcc compiler'
mb-gcc -Wall -O0 -g3 -c -fmessage-length=0 -MT"src/drivers/cmd_handler.o" -D __BAREMETAL__ -I../../rfsoc_controller_bsp/microblaze_0/include -mlittle-endian -mcpu=v11.0 -mxl-soft-mul -Wl,--no-relax -ffunction-sections -fdata-sections -MMD -MP -MF"src/drivers/cmd_handler.d" -MT"src/drivers/cmd_handler.o" -o "src/drivers/cmd_handler.o" "../src/drivers/cmd_handler.c"
In file included from ../src/drivers/gpio.h:12,
                 from ../src/drivers/cmd_handler.c:10:
../../rfsoc_controller_bsp/microblaze_0/include/xbasic_types.h:120:2: warning: #warning The xbasics_type.h file is deprecated and users should use xil_types.h and xil_assert. [-Wcpp]
 #warning  The xbasics_type.h file is deprecated and users should use xil_types.h and xil_assert.
  ^~~~~~~
../../rfsoc_controller_bsp/microblaze_0/include/xbasic_types.h:121:2: warning: #warning Please refer the Standalone BSP UG647 for further details [-Wcpp]
 #warning  Please refer the Standalone BSP UG647 for further details
  ^~~~~~~
../src/drivers/cmd_handler.c: In function 'handle_cmd':
../src/drivers/cmd_handler.c:91:7: error: 'RF_SET_ADC_SHIFT' undeclared (first use in this function); did you mean 'RF_SET_ADC_CYCLES'?
  case RF_SET_ADC_SHIFT:
       ^~~~~~~~~~~~~~~~
       RF_SET_ADC_CYCLES
../src/drivers/cmd_handler.c:91:7: note: each undeclared identifier is reported only once for each function it appears in
../src/drivers/cmd_handler.c:93:3: warning: implicit declaration of function 'cmd_set_adc_shift'; did you mean 'cmd_set_adc_cycles'? [-Wimplicit-function-declaration]
   cmd_set_adc_shift();
   ^~~~~~~~~~~~~~~~~
   cmd_set_adc_cycles
../src/drivers/cmd_handler.c:107:3: warning: implicit declaration of function 'cmd_flush_buffer_test'; did you mean 'rf_flush_buffer'? [-Wimplicit-function-declaration]
   cmd_flush_buffer_test();
   ^~~~~~~~~~~~~~~~~~~~~
   rf_flush_buffer
../src/drivers/cmd_handler.c: At top level:
../src/drivers/cmd_handler.c:124:1: warning: return type defaults to 'int' [-Wimplicit-int]
 cmd_set_adc_shift()
 ^~~~~~~~~~~~~~~~~
../src/drivers/cmd_handler.c: In function 'cmd_set_adc_shift':
../src/drivers/cmd_handler.c:130:3: warning: 'return' with no value, in function returning non-void
   return;
   ^~~~~~
../src/drivers/cmd_handler.c:124:1: note: declared here
 cmd_set_adc_shift()
 ^~~~~~~~~~~~~~~~~
../src/drivers/cmd_handler.c:134:2: warning: implicit declaration of function 'rf_set_adc_shift'; did you mean 'cmd_set_adc_shift'? [-Wimplicit-function-declaration]
  rf_set_adc_shift(final_repeat);
  ^~~~~~~~~~~~~~~~
  cmd_set_adc_shift
../src/drivers/cmd_handler.c: In function 'cmd_read_adc':
../src/drivers/cmd_handler.c:141:5: warning: implicit declaration of function 'adc_data_valid' [-Wimplicit-function-declaration]
  if(adc_data_valid() == 0)
     ^~~~~~~~~~~~~~
../src/drivers/cmd_handler.c: In function 'cmd_pulse_test':
../src/drivers/cmd_handler.c:375:3: warning: implicit declaration of function 'rf_single_pulse_test'; did you mean 'rf_pulse_test'? [-Wimplicit-function-declaration]
   rf_single_pulse_test();
   ^~~~~~~~~~~~~~~~~~~~
   rf_pulse_test
../src/drivers/cmd_handler.c: At top level:
../src/drivers/cmd_handler.c:400:6: warning: conflicting types for 'cmd_flush_buffer_test'
 void cmd_flush_buffer_test()
      ^~~~~~~~~~~~~~~~~~~~~
../src/drivers/cmd_handler.c:107:3: note: previous implicit declaration of 'cmd_flush_buffer_test' was here
   cmd_flush_buffer_test();
   ^~~~~~~~~~~~~~~~~~~~~
make: *** [src/drivers/subdir.mk:29: src/drivers/cmd_handler.o] Error 1
15:32:18 **** Auto Build of configuration Debug for project rfsoc_controller ****
make all 
'Building file: ../src/drivers/cmd_handler.c'
'Invoking: MicroBlaze gcc compiler'
mb-gcc -Wall -O0 -g3 -c -fmessage-length=0 -MT"src/drivers/cmd_handler.o" -D __BAREMETAL__ -I../../rfsoc_controller_bsp/microblaze_0/include -mlittle-endian -mcpu=v11.0 -mxl-soft-mul -Wl,--no-relax -ffunction-sections -fdata-sections -MMD -MP -MF"src/drivers/cmd_handler.d" -MT"src/drivers/cmd_handler.o" -o "src/drivers/cmd_handler.o" "../src/drivers/cmd_handler.c"
In file included from ../src/drivers/gpio.h:12,
                 from ../src/drivers/cmd_handler.c:10:
../../rfsoc_controller_bsp/microblaze_0/include/xbasic_types.h:120:2: warning: #warning The xbasics_type.h file is deprecated and users should use xil_types.h and xil_assert. [-Wcpp]
 #warning  The xbasics_type.h file is deprecated and users should use xil_types.h and xil_assert.
  ^~~~~~~
../../rfsoc_controller_bsp/microblaze_0/include/xbasic_types.h:121:2: warning: #warning Please refer the Standalone BSP UG647 for further details [-Wcpp]
 #warning  Please refer the Standalone BSP UG647 for further details
  ^~~~~~~
../src/drivers/cmd_handler.c: In function 'handle_cmd':
../src/drivers/cmd_handler.c:93:3: warning: implicit declaration of function 'cmd_set_adc_shift'; did you mean 'cmd_set_adc_cycles'? [-Wimplicit-function-declaration]
   cmd_set_adc_shift();
   ^~~~~~~~~~~~~~~~~
   cmd_set_adc_cycles
../src/drivers/cmd_handler.c:107:3: warning: implicit declaration of function 'cmd_flush_buffer_test'; did you mean 'rf_flush_buffer'? [-Wimplicit-function-declaration]
   cmd_flush_buffer_test();
   ^~~~~~~~~~~~~~~~~~~~~
   rf_flush_buffer
../src/drivers/cmd_handler.c: At top level:
../src/drivers/cmd_handler.c:124:1: warning: return type defaults to 'int' [-Wimplicit-int]
 cmd_set_adc_shift()
 ^~~~~~~~~~~~~~~~~
../src/drivers/cmd_handler.c: In function 'cmd_set_adc_shift':
../src/drivers/cmd_handler.c:130:3: warning: 'return' with no value, in function returning non-void
   return;
   ^~~~~~
../src/drivers/cmd_handler.c:124:1: note: declared here
 cmd_set_adc_shift()
 ^~~~~~~~~~~~~~~~~
../src/drivers/cmd_handler.c:134:2: warning: implicit declaration of function 'rf_set_adc_shift'; did you mean 'cmd_set_adc_shift'? [-Wimplicit-function-declaration]
  rf_set_adc_shift(final_repeat);
  ^~~~~~~~~~~~~~~~
  cmd_set_adc_shift
../src/drivers/cmd_handler.c: In function 'cmd_read_adc':
../src/drivers/cmd_handler.c:141:5: warning: implicit declaration of function 'adc_data_valid' [-Wimplicit-function-declaration]
  if(adc_data_valid() == 0)
     ^~~~~~~~~~~~~~
../src/drivers/cmd_handler.c: In function 'cmd_pulse_test':
../src/drivers/cmd_handler.c:375:3: warning: implicit declaration of function 'rf_single_pulse_test'; did you mean 'rf_pulse_test'? [-Wimplicit-function-declaration]
   rf_single_pulse_test();
   ^~~~~~~~~~~~~~~~~~~~
   rf_pulse_test
../src/drivers/cmd_handler.c: At top level:
../src/drivers/cmd_handler.c:400:6: warning: conflicting types for 'cmd_flush_buffer_test'
 void cmd_flush_buffer_test()
      ^~~~~~~~~~~~~~~~~~~~~
../src/drivers/cmd_handler.c:107:3: note: previous implicit declaration of 'cmd_flush_buffer_test' was here
   cmd_flush_buffer_test();
   ^~~~~~~~~~~~~~~~~~~~~
'Finished building: ../src/drivers/cmd_handler.c'
' '
'Building file: ../src/helloworld.c'
'Invoking: MicroBlaze gcc compiler'
mb-gcc -Wall -O0 -g3 -c -fmessage-length=0 -MT"src/helloworld.o" -D __BAREMETAL__ -I../../rfsoc_controller_bsp/microblaze_0/include -mlittle-endian -mcpu=v11.0 -mxl-soft-mul -Wl,--no-relax -ffunction-sections -fdata-sections -MMD -MP -MF"src/helloworld.d" -MT"src/helloworld.o" -o "src/helloworld.o" "../src/helloworld.c"
'Finished building: ../src/helloworld.c'
' '
'Building target: rfsoc_controller.elf'
'Invoking: MicroBlaze gcc linker'
mb-gcc -Wl,-T -Wl,../src/lscript.ld -L../../rfsoc_controller_bsp/microblaze_0/lib -mlittle-endian -mcpu=v11.0 -mxl-soft-mul -Wl,--no-relax -Wl,--gc-sections -o "rfsoc_controller.elf"  ./src/drivers/cmd_handler.o ./src/drivers/gpio.o ./src/drivers/rf.o ./src/drivers/uart.o  ./src/helloworld.o ./src/platform.o   -Wl,--start-group,-lxil,-lgcc,-lc,--end-group -Wl,--start-group,-lxil,-lmetal,-lgcc,-lc,--end-group
'Finished building target: rfsoc_controller.elf'
' '
'Invoking: MicroBlaze Print Size'
mb-size rfsoc_controller.elf  |tee "rfsoc_controller.elf.size"
   text	   data	    bss	    dec	    hex	filename
  86666	   3504	 207998	 298168	  48cb8	rfsoc_controller.elf
'Finished building: rfsoc_controller.elf.size'
' '
15:32:51 **** Auto Build of configuration Debug for project rfsoc_controller ****
make all 
'Building file: ../src/drivers/cmd_handler.c'
'Invoking: MicroBlaze gcc compiler'
mb-gcc -Wall -O0 -g3 -c -fmessage-length=0 -MT"src/drivers/cmd_handler.o" -D __BAREMETAL__ -I../../rfsoc_controller_bsp/microblaze_0/include -mlittle-endian -mcpu=v11.0 -mxl-soft-mul -Wl,--no-relax -ffunction-sections -fdata-sections -MMD -MP -MF"src/drivers/cmd_handler.d" -MT"src/drivers/cmd_handler.o" -o "src/drivers/cmd_handler.o" "../src/drivers/cmd_handler.c"
In file included from ../src/drivers/gpio.h:12,
                 from ../src/drivers/cmd_handler.c:10:
../../rfsoc_controller_bsp/microblaze_0/include/xbasic_types.h:120:2: warning: #warning The xbasics_type.h file is deprecated and users should use xil_types.h and xil_assert. [-Wcpp]
 #warning  The xbasics_type.h file is deprecated and users should use xil_types.h and xil_assert.
  ^~~~~~~
../../rfsoc_controller_bsp/microblaze_0/include/xbasic_types.h:121:2: warning: #warning Please refer the Standalone BSP UG647 for further details [-Wcpp]
 #warning  Please refer the Standalone BSP UG647 for further details
  ^~~~~~~
../src/drivers/cmd_handler.c: In function 'handle_cmd':
../src/drivers/cmd_handler.c:93:3: warning: implicit declaration of function 'cmd_set_adc_shift'; did you mean 'rf_set_adc_shift'? [-Wimplicit-function-declaration]
   cmd_set_adc_shift();
   ^~~~~~~~~~~~~~~~~
   rf_set_adc_shift
../src/drivers/cmd_handler.c:107:3: warning: implicit declaration of function 'cmd_flush_buffer_test'; did you mean 'rf_flush_buffer'? [-Wimplicit-function-declaration]
   cmd_flush_buffer_test();
   ^~~~~~~~~~~~~~~~~~~~~
   rf_flush_buffer
../src/drivers/cmd_handler.c: At top level:
../src/drivers/cmd_handler.c:124:1: warning: return type defaults to 'int' [-Wimplicit-int]
 cmd_set_adc_shift()
 ^~~~~~~~~~~~~~~~~
../src/drivers/cmd_handler.c: In function 'cmd_set_adc_shift':
../src/drivers/cmd_handler.c:130:3: warning: 'return' with no value, in function returning non-void
   return;
   ^~~~~~
../src/drivers/cmd_handler.c:124:1: note: declared here
 cmd_set_adc_shift()
 ^~~~~~~~~~~~~~~~~
../src/drivers/cmd_handler.c: In function 'cmd_pulse_test':
../src/drivers/cmd_handler.c:375:3: warning: implicit declaration of function 'rf_single_pulse_test'; did you mean 'rf_pulse_test'? [-Wimplicit-function-declaration]
   rf_single_pulse_test();
   ^~~~~~~~~~~~~~~~~~~~
   rf_pulse_test
../src/drivers/cmd_handler.c: At top level:
../src/drivers/cmd_handler.c:400:6: warning: conflicting types for 'cmd_flush_buffer_test'
 void cmd_flush_buffer_test()
      ^~~~~~~~~~~~~~~~~~~~~
../src/drivers/cmd_handler.c:107:3: note: previous implicit declaration of 'cmd_flush_buffer_test' was here
   cmd_flush_buffer_test();
   ^~~~~~~~~~~~~~~~~~~~~
'Finished building: ../src/drivers/cmd_handler.c'
' '
'Building file: ../src/drivers/rf.c'
'Invoking: MicroBlaze gcc compiler'
mb-gcc -Wall -O0 -g3 -c -fmessage-length=0 -MT"src/drivers/rf.o" -D __BAREMETAL__ -I../../rfsoc_controller_bsp/microblaze_0/include -mlittle-endian -mcpu=v11.0 -mxl-soft-mul -Wl,--no-relax -ffunction-sections -fdata-sections -MMD -MP -MF"src/drivers/rf.d" -MT"src/drivers/rf.o" -o "src/drivers/rf.o" "../src/drivers/rf.c"
In file included from ../src/drivers/gpio.h:12,
                 from ../src/drivers/rf.c:9:
../../rfsoc_controller_bsp/microblaze_0/include/xbasic_types.h:120:2: warning: #warning The xbasics_type.h file is deprecated and users should use xil_types.h and xil_assert. [-Wcpp]
 #warning  The xbasics_type.h file is deprecated and users should use xil_types.h and xil_assert.
  ^~~~~~~
../../rfsoc_controller_bsp/microblaze_0/include/xbasic_types.h:121:2: warning: #warning Please refer the Standalone BSP UG647 for further details [-Wcpp]
 #warning  Please refer the Standalone BSP UG647 for further details
  ^~~~~~~
'Finished building: ../src/drivers/rf.c'
' '
'Building file: ../src/helloworld.c'
'Invoking: MicroBlaze gcc compiler'
mb-gcc -Wall -O0 -g3 -c -fmessage-length=0 -MT"src/helloworld.o" -D __BAREMETAL__ -I../../rfsoc_controller_bsp/microblaze_0/include -mlittle-endian -mcpu=v11.0 -mxl-soft-mul -Wl,--no-relax -ffunction-sections -fdata-sections -MMD -MP -MF"src/helloworld.d" -MT"src/helloworld.o" -o "src/helloworld.o" "../src/helloworld.c"
'Finished building: ../src/helloworld.c'
' '
'Building target: rfsoc_controller.elf'
'Invoking: MicroBlaze gcc linker'
mb-gcc -Wl,-T -Wl,../src/lscript.ld -L../../rfsoc_controller_bsp/microblaze_0/lib -mlittle-endian -mcpu=v11.0 -mxl-soft-mul -Wl,--no-relax -Wl,--gc-sections -o "rfsoc_controller.elf"  ./src/drivers/cmd_handler.o ./src/drivers/gpio.o ./src/drivers/rf.o ./src/drivers/uart.o  ./src/helloworld.o ./src/platform.o   -Wl,--start-group,-lxil,-lgcc,-lc,--end-group -Wl,--start-group,-lxil,-lmetal,-lgcc,-lc,--end-group
'Finished building target: rfsoc_controller.elf'
' '
'Invoking: MicroBlaze Print Size'
mb-size rfsoc_controller.elf  |tee "rfsoc_controller.elf.size"
   text	   data	    bss	    dec	    hex	filename
  86666	   3504	 207998	 298168	  48cb8	rfsoc_controller.elf
'Finished building: rfsoc_controller.elf.size'
' '
15:33:00 **** Auto Build of configuration Debug for project rfsoc_controller ****
make all 
'Building file: ../src/drivers/cmd_handler.c'
'Invoking: MicroBlaze gcc compiler'
mb-gcc -Wall -O0 -g3 -c -fmessage-length=0 -MT"src/drivers/cmd_handler.o" -D __BAREMETAL__ -I../../rfsoc_controller_bsp/microblaze_0/include -mlittle-endian -mcpu=v11.0 -mxl-soft-mul -Wl,--no-relax -ffunction-sections -fdata-sections -MMD -MP -MF"src/drivers/cmd_handler.d" -MT"src/drivers/cmd_handler.o" -o "src/drivers/cmd_handler.o" "../src/drivers/cmd_handler.c"
In file included from ../src/drivers/gpio.h:12,
                 from ../src/drivers/cmd_handler.c:10:
../../rfsoc_controller_bsp/microblaze_0/include/xbasic_types.h:120:2: warning: #warning The xbasics_type.h file is deprecated and users should use xil_types.h and xil_assert. [-Wcpp]
 #warning  The xbasics_type.h file is deprecated and users should use xil_types.h and xil_assert.
  ^~~~~~~
../../rfsoc_controller_bsp/microblaze_0/include/xbasic_types.h:121:2: warning: #warning Please refer the Standalone BSP UG647 for further details [-Wcpp]
 #warning  Please refer the Standalone BSP UG647 for further details
  ^~~~~~~
../src/drivers/cmd_handler.c: In function 'handle_cmd':
../src/drivers/cmd_handler.c:93:3: warning: implicit declaration of function 'cmd_set_adc_shift'; did you mean 'rf_set_adc_shift'? [-Wimplicit-function-declaration]
   cmd_set_adc_shift();
   ^~~~~~~~~~~~~~~~~
   rf_set_adc_shift
../src/drivers/cmd_handler.c:107:3: warning: implicit declaration of function 'cmd_flush_buffer_test'; did you mean 'rf_flush_buffer'? [-Wimplicit-function-declaration]
   cmd_flush_buffer_test();
   ^~~~~~~~~~~~~~~~~~~~~
   rf_flush_buffer
../src/drivers/cmd_handler.c: At top level:
../src/drivers/cmd_handler.c:124:6: warning: conflicting types for 'cmd_set_adc_shift'
 void cmd_set_adc_shift()
      ^~~~~~~~~~~~~~~~~
../src/drivers/cmd_handler.c:93:3: note: previous implicit declaration of 'cmd_set_adc_shift' was here
   cmd_set_adc_shift();
   ^~~~~~~~~~~~~~~~~
../src/drivers/cmd_handler.c: In function 'cmd_pulse_test':
../src/drivers/cmd_handler.c:375:3: warning: implicit declaration of function 'rf_single_pulse_test'; did you mean 'rf_pulse_test'? [-Wimplicit-function-declaration]
   rf_single_pulse_test();
   ^~~~~~~~~~~~~~~~~~~~
   rf_pulse_test
../src/drivers/cmd_handler.c: At top level:
../src/drivers/cmd_handler.c:400:6: warning: conflicting types for 'cmd_flush_buffer_test'
 void cmd_flush_buffer_test()
      ^~~~~~~~~~~~~~~~~~~~~
../src/drivers/cmd_handler.c:107:3: note: previous implicit declaration of 'cmd_flush_buffer_test' was here
   cmd_flush_buffer_test();
   ^~~~~~~~~~~~~~~~~~~~~
'Finished building: ../src/drivers/cmd_handler.c'
' '
'Building target: rfsoc_controller.elf'
'Invoking: MicroBlaze gcc linker'
mb-gcc -Wl,-T -Wl,../src/lscript.ld -L../../rfsoc_controller_bsp/microblaze_0/lib -mlittle-endian -mcpu=v11.0 -mxl-soft-mul -Wl,--no-relax -Wl,--gc-sections -o "rfsoc_controller.elf"  ./src/drivers/cmd_handler.o ./src/drivers/gpio.o ./src/drivers/rf.o ./src/drivers/uart.o  ./src/helloworld.o ./src/platform.o   -Wl,--start-group,-lxil,-lgcc,-lc,--end-group -Wl,--start-group,-lxil,-lmetal,-lgcc,-lc,--end-group
'Finished building target: rfsoc_controller.elf'
' '
'Invoking: MicroBlaze Print Size'
mb-size rfsoc_controller.elf  |tee "rfsoc_controller.elf.size"
   text	   data	    bss	    dec	    hex	filename
  86666	   3504	 207998	 298168	  48cb8	rfsoc_controller.elf
'Finished building: rfsoc_controller.elf.size'
' '
15:33:13 **** Auto Build of configuration Debug for project rfsoc_controller ****
make all 
'Building file: ../src/drivers/cmd_handler.c'
'Invoking: MicroBlaze gcc compiler'
mb-gcc -Wall -O0 -g3 -c -fmessage-length=0 -MT"src/drivers/cmd_handler.o" -D __BAREMETAL__ -I../../rfsoc_controller_bsp/microblaze_0/include -mlittle-endian -mcpu=v11.0 -mxl-soft-mul -Wl,--no-relax -ffunction-sections -fdata-sections -MMD -MP -MF"src/drivers/cmd_handler.d" -MT"src/drivers/cmd_handler.o" -o "src/drivers/cmd_handler.o" "../src/drivers/cmd_handler.c"
In file included from ../src/drivers/gpio.h:12,
                 from ../src/drivers/cmd_handler.c:10:
../../rfsoc_controller_bsp/microblaze_0/include/xbasic_types.h:120:2: warning: #warning The xbasics_type.h file is deprecated and users should use xil_types.h and xil_assert. [-Wcpp]
 #warning  The xbasics_type.h file is deprecated and users should use xil_types.h and xil_assert.
  ^~~~~~~
../../rfsoc_controller_bsp/microblaze_0/include/xbasic_types.h:121:2: warning: #warning Please refer the Standalone BSP UG647 for further details [-Wcpp]
 #warning  Please refer the Standalone BSP UG647 for further details
  ^~~~~~~
../src/drivers/cmd_handler.c: In function 'handle_cmd':
../src/drivers/cmd_handler.c:107:3: warning: implicit declaration of function 'cmd_flush_buffer_test'; did you mean 'rf_flush_buffer'? [-Wimplicit-function-declaration]
   cmd_flush_buffer_test();
   ^~~~~~~~~~~~~~~~~~~~~
   rf_flush_buffer
../src/drivers/cmd_handler.c: In function 'cmd_pulse_test':
../src/drivers/cmd_handler.c:375:3: warning: implicit declaration of function 'rf_single_pulse_test'; did you mean 'rf_pulse_test'? [-Wimplicit-function-declaration]
   rf_single_pulse_test();
   ^~~~~~~~~~~~~~~~~~~~
   rf_pulse_test
../src/drivers/cmd_handler.c: At top level:
../src/drivers/cmd_handler.c:400:6: warning: conflicting types for 'cmd_flush_buffer_test'
 void cmd_flush_buffer_test()
      ^~~~~~~~~~~~~~~~~~~~~
../src/drivers/cmd_handler.c:107:3: note: previous implicit declaration of 'cmd_flush_buffer_test' was here
   cmd_flush_buffer_test();
   ^~~~~~~~~~~~~~~~~~~~~
'Finished building: ../src/drivers/cmd_handler.c'
' '
'Building file: ../src/helloworld.c'
'Invoking: MicroBlaze gcc compiler'
mb-gcc -Wall -O0 -g3 -c -fmessage-length=0 -MT"src/helloworld.o" -D __BAREMETAL__ -I../../rfsoc_controller_bsp/microblaze_0/include -mlittle-endian -mcpu=v11.0 -mxl-soft-mul -Wl,--no-relax -ffunction-sections -fdata-sections -MMD -MP -MF"src/helloworld.d" -MT"src/helloworld.o" -o "src/helloworld.o" "../src/helloworld.c"
'Finished building: ../src/helloworld.c'
' '
'Building target: rfsoc_controller.elf'
'Invoking: MicroBlaze gcc linker'
mb-gcc -Wl,-T -Wl,../src/lscript.ld -L../../rfsoc_controller_bsp/microblaze_0/lib -mlittle-endian -mcpu=v11.0 -mxl-soft-mul -Wl,--no-relax -Wl,--gc-sections -o "rfsoc_controller.elf"  ./src/drivers/cmd_handler.o ./src/drivers/gpio.o ./src/drivers/rf.o ./src/drivers/uart.o  ./src/helloworld.o ./src/platform.o   -Wl,--start-group,-lxil,-lgcc,-lc,--end-group -Wl,--start-group,-lxil,-lmetal,-lgcc,-lc,--end-group
'Finished building target: rfsoc_controller.elf'
' '
'Invoking: MicroBlaze Print Size'
mb-size rfsoc_controller.elf  |tee "rfsoc_controller.elf.size"
   text	   data	    bss	    dec	    hex	filename
  86666	   3504	 207998	 298168	  48cb8	rfsoc_controller.elf
'Finished building: rfsoc_controller.elf.size'
' '
15:40:44 **** Auto Build of configuration Debug for project rfsoc_controller ****
make all 
'Building file: ../src/drivers/cmd_handler.c'
'Invoking: MicroBlaze gcc compiler'
mb-gcc -Wall -O0 -g3 -c -fmessage-length=0 -MT"src/drivers/cmd_handler.o" -D __BAREMETAL__ -I../../rfsoc_controller_bsp/microblaze_0/include -mlittle-endian -mcpu=v11.0 -mxl-soft-mul -Wl,--no-relax -ffunction-sections -fdata-sections -MMD -MP -MF"src/drivers/cmd_handler.d" -MT"src/drivers/cmd_handler.o" -o "src/drivers/cmd_handler.o" "../src/drivers/cmd_handler.c"
In file included from ../src/drivers/gpio.h:12,
                 from ../src/drivers/cmd_handler.c:10:
../../rfsoc_controller_bsp/microblaze_0/include/xbasic_types.h:120:2: warning: #warning The xbasics_type.h file is deprecated and users should use xil_types.h and xil_assert. [-Wcpp]
 #warning  The xbasics_type.h file is deprecated and users should use xil_types.h and xil_assert.
  ^~~~~~~
../../rfsoc_controller_bsp/microblaze_0/include/xbasic_types.h:121:2: warning: #warning Please refer the Standalone BSP UG647 for further details [-Wcpp]
 #warning  Please refer the Standalone BSP UG647 for further details
  ^~~~~~~
../src/drivers/cmd_handler.c: In function 'handle_cmd':
../src/drivers/cmd_handler.c:107:3: warning: implicit declaration of function 'cmd_flush_buffer_test'; did you mean 'rf_flush_buffer'? [-Wimplicit-function-declaration]
   cmd_flush_buffer_test();
   ^~~~~~~~~~~~~~~~~~~~~
   rf_flush_buffer
../src/drivers/cmd_handler.c: In function 'cmd_pulse_test':
../src/drivers/cmd_handler.c:376:3: warning: implicit declaration of function 'rf_single_pulse_test'; did you mean 'rf_pulse_test'? [-Wimplicit-function-declaration]
   rf_single_pulse_test();
   ^~~~~~~~~~~~~~~~~~~~
   rf_pulse_test
../src/drivers/cmd_handler.c: At top level:
../src/drivers/cmd_handler.c:401:6: warning: conflicting types for 'cmd_flush_buffer_test'
 void cmd_flush_buffer_test()
      ^~~~~~~~~~~~~~~~~~~~~
../src/drivers/cmd_handler.c:107:3: note: previous implicit declaration of 'cmd_flush_buffer_test' was here
   cmd_flush_buffer_test();
   ^~~~~~~~~~~~~~~~~~~~~
'Finished building: ../src/drivers/cmd_handler.c'
' '
'Building target: rfsoc_controller.elf'
'Invoking: MicroBlaze gcc linker'
mb-gcc -Wl,-T -Wl,../src/lscript.ld -L../../rfsoc_controller_bsp/microblaze_0/lib -mlittle-endian -mcpu=v11.0 -mxl-soft-mul -Wl,--no-relax -Wl,--gc-sections -o "rfsoc_controller.elf"  ./src/drivers/cmd_handler.o ./src/drivers/gpio.o ./src/drivers/rf.o ./src/drivers/uart.o  ./src/helloworld.o ./src/platform.o   -Wl,--start-group,-lxil,-lgcc,-lc,--end-group -Wl,--start-group,-lxil,-lmetal,-lgcc,-lc,--end-group
'Finished building target: rfsoc_controller.elf'
' '
'Invoking: MicroBlaze Print Size'
mb-size rfsoc_controller.elf  |tee "rfsoc_controller.elf.size"
   text	   data	    bss	    dec	    hex	filename
  86678	   3504	 207994	 298176	  48cc0	rfsoc_controller.elf
'Finished building: rfsoc_controller.elf.size'
' '
15:46:55 **** Auto Build of configuration Debug for project rfsoc_controller ****
make all 
'Building file: ../src/drivers/cmd_handler.c'
'Invoking: MicroBlaze gcc compiler'
mb-gcc -Wall -O0 -g3 -c -fmessage-length=0 -MT"src/drivers/cmd_handler.o" -D __BAREMETAL__ -I../../rfsoc_controller_bsp/microblaze_0/include -mlittle-endian -mcpu=v11.0 -mxl-soft-mul -Wl,--no-relax -ffunction-sections -fdata-sections -MMD -MP -MF"src/drivers/cmd_handler.d" -MT"src/drivers/cmd_handler.o" -o "src/drivers/cmd_handler.o" "../src/drivers/cmd_handler.c"
In file included from ../src/drivers/gpio.h:12,
                 from ../src/drivers/cmd_handler.c:10:
../../rfsoc_controller_bsp/microblaze_0/include/xbasic_types.h:120:2: warning: #warning The xbasics_type.h file is deprecated and users should use xil_types.h and xil_assert. [-Wcpp]
 #warning  The xbasics_type.h file is deprecated and users should use xil_types.h and xil_assert.
  ^~~~~~~
../../rfsoc_controller_bsp/microblaze_0/include/xbasic_types.h:121:2: warning: #warning Please refer the Standalone BSP UG647 for further details [-Wcpp]
 #warning  Please refer the Standalone BSP UG647 for further details
  ^~~~~~~
../src/drivers/cmd_handler.c: In function 'handle_cmd':
../src/drivers/cmd_handler.c:106:3: warning: implicit declaration of function 'cmd_flush_buffer_test'; did you mean 'rf_flush_buffer'? [-Wimplicit-function-declaration]
   cmd_flush_buffer_test();
   ^~~~~~~~~~~~~~~~~~~~~
   rf_flush_buffer
../src/drivers/cmd_handler.c: In function 'cmd_pulse_test':
../src/drivers/cmd_handler.c:376:3: warning: implicit declaration of function 'rf_single_pulse_test'; did you mean 'rf_pulse_test'? [-Wimplicit-function-declaration]
   rf_single_pulse_test();
   ^~~~~~~~~~~~~~~~~~~~
   rf_pulse_test
../src/drivers/cmd_handler.c: At top level:
../src/drivers/cmd_handler.c:401:6: warning: conflicting types for 'cmd_flush_buffer_test'
 void cmd_flush_buffer_test()
      ^~~~~~~~~~~~~~~~~~~~~
../src/drivers/cmd_handler.c:106:3: note: previous implicit declaration of 'cmd_flush_buffer_test' was here
   cmd_flush_buffer_test();
   ^~~~~~~~~~~~~~~~~~~~~
'Finished building: ../src/drivers/cmd_handler.c'
' '
'Building target: rfsoc_controller.elf'
'Invoking: MicroBlaze gcc linker'
mb-gcc -Wl,-T -Wl,../src/lscript.ld -L../../rfsoc_controller_bsp/microblaze_0/lib -mlittle-endian -mcpu=v11.0 -mxl-soft-mul -Wl,--no-relax -Wl,--gc-sections -o "rfsoc_controller.elf"  ./src/drivers/cmd_handler.o ./src/drivers/gpio.o ./src/drivers/rf.o ./src/drivers/uart.o  ./src/helloworld.o ./src/platform.o   -Wl,--start-group,-lxil,-lgcc,-lc,--end-group -Wl,--start-group,-lxil,-lmetal,-lgcc,-lc,--end-group
'Finished building target: rfsoc_controller.elf'
' '
'Invoking: MicroBlaze Print Size'
mb-size rfsoc_controller.elf  |tee "rfsoc_controller.elf.size"
   text	   data	    bss	    dec	    hex	filename
  86678	   3504	 207994	 298176	  48cc0	rfsoc_controller.elf
'Finished building: rfsoc_controller.elf.size'
' '
15:55:04 **** Auto Build of configuration Debug for project rfsoc_controller ****
make all 
'Building file: ../src/drivers/cmd_handler.c'
'Invoking: MicroBlaze gcc compiler'
mb-gcc -Wall -O0 -g3 -c -fmessage-length=0 -MT"src/drivers/cmd_handler.o" -D __BAREMETAL__ -I../../rfsoc_controller_bsp/microblaze_0/include -mlittle-endian -mcpu=v11.0 -mxl-soft-mul -Wl,--no-relax -ffunction-sections -fdata-sections -MMD -MP -MF"src/drivers/cmd_handler.d" -MT"src/drivers/cmd_handler.o" -o "src/drivers/cmd_handler.o" "../src/drivers/cmd_handler.c"
In file included from ../src/drivers/gpio.h:12,
                 from ../src/drivers/cmd_handler.c:10:
../../rfsoc_controller_bsp/microblaze_0/include/xbasic_types.h:120:2: warning: #warning The xbasics_type.h file is deprecated and users should use xil_types.h and xil_assert. [-Wcpp]
 #warning  The xbasics_type.h file is deprecated and users should use xil_types.h and xil_assert.
  ^~~~~~~
../../rfsoc_controller_bsp/microblaze_0/include/xbasic_types.h:121:2: warning: #warning Please refer the Standalone BSP UG647 for further details [-Wcpp]
 #warning  Please refer the Standalone BSP UG647 for further details
  ^~~~~~~
../src/drivers/cmd_handler.c: In function 'handle_cmd':
../src/drivers/cmd_handler.c:106:3: warning: implicit declaration of function 'cmd_flush_buffer_test'; did you mean 'rf_flush_buffer'? [-Wimplicit-function-declaration]
   cmd_flush_buffer_test();
   ^~~~~~~~~~~~~~~~~~~~~
   rf_flush_buffer
../src/drivers/cmd_handler.c: In function 'cmd_pulse_test':
../src/drivers/cmd_handler.c:378:3: warning: implicit declaration of function 'rf_single_pulse_test'; did you mean 'rf_pulse_test'? [-Wimplicit-function-declaration]
   rf_single_pulse_test();
   ^~~~~~~~~~~~~~~~~~~~
   rf_pulse_test
../src/drivers/cmd_handler.c: At top level:
../src/drivers/cmd_handler.c:403:6: warning: conflicting types for 'cmd_flush_buffer_test'
 void cmd_flush_buffer_test()
      ^~~~~~~~~~~~~~~~~~~~~
../src/drivers/cmd_handler.c:106:3: note: previous implicit declaration of 'cmd_flush_buffer_test' was here
   cmd_flush_buffer_test();
   ^~~~~~~~~~~~~~~~~~~~~
'Finished building: ../src/drivers/cmd_handler.c'
' '
'Building file: ../src/drivers/rf.c'
'Invoking: MicroBlaze gcc compiler'
mb-gcc -Wall -O0 -g3 -c -fmessage-length=0 -MT"src/drivers/rf.o" -D __BAREMETAL__ -I../../rfsoc_controller_bsp/microblaze_0/include -mlittle-endian -mcpu=v11.0 -mxl-soft-mul -Wl,--no-relax -ffunction-sections -fdata-sections -MMD -MP -MF"src/drivers/rf.d" -MT"src/drivers/rf.o" -o "src/drivers/rf.o" "../src/drivers/rf.c"
In file included from ../src/drivers/gpio.h:12,
                 from ../src/drivers/rf.c:9:
../../rfsoc_controller_bsp/microblaze_0/include/xbasic_types.h:120:2: warning: #warning The xbasics_type.h file is deprecated and users should use xil_types.h and xil_assert. [-Wcpp]
 #warning  The xbasics_type.h file is deprecated and users should use xil_types.h and xil_assert.
  ^~~~~~~
../../rfsoc_controller_bsp/microblaze_0/include/xbasic_types.h:121:2: warning: #warning Please refer the Standalone BSP UG647 for further details [-Wcpp]
 #warning  Please refer the Standalone BSP UG647 for further details
  ^~~~~~~
'Finished building: ../src/drivers/rf.c'
' '
'Building file: ../src/helloworld.c'
'Invoking: MicroBlaze gcc compiler'
mb-gcc -Wall -O0 -g3 -c -fmessage-length=0 -MT"src/helloworld.o" -D __BAREMETAL__ -I../../rfsoc_controller_bsp/microblaze_0/include -mlittle-endian -mcpu=v11.0 -mxl-soft-mul -Wl,--no-relax -ffunction-sections -fdata-sections -MMD -MP -MF"src/helloworld.d" -MT"src/helloworld.o" -o "src/helloworld.o" "../src/helloworld.c"
'Finished building: ../src/helloworld.c'
' '
'Building target: rfsoc_controller.elf'
'Invoking: MicroBlaze gcc linker'
mb-gcc -Wl,-T -Wl,../src/lscript.ld -L../../rfsoc_controller_bsp/microblaze_0/lib -mlittle-endian -mcpu=v11.0 -mxl-soft-mul -Wl,--no-relax -Wl,--gc-sections -o "rfsoc_controller.elf"  ./src/drivers/cmd_handler.o ./src/drivers/gpio.o ./src/drivers/rf.o ./src/drivers/uart.o  ./src/helloworld.o ./src/platform.o   -Wl,--start-group,-lxil,-lgcc,-lc,--end-group -Wl,--start-group,-lxil,-lmetal,-lgcc,-lc,--end-group
'Finished building target: rfsoc_controller.elf'
' '
'Invoking: MicroBlaze Print Size'
mb-size rfsoc_controller.elf  |tee "rfsoc_controller.elf.size"
   text	   data	    bss	    dec	    hex	filename
  86750	   3504	 207994	 298248	  48d08	rfsoc_controller.elf
'Finished building: rfsoc_controller.elf.size'
' '
